

HI-TECH Software PIC LITE Macro Assembler V9.81 build 7503 
                                                                                               Wed Mar 08 11:45:05 2023

HI-TECH Software Omniscient Code Generator (Lite mode) build 7503
     1  0000                     opt subtitle "HI-TECH Software Omniscient Code Generator (Lite mode) build 7503"
     2                           
     3                           opt pagewidth 120
     4                           
     5                           	opt lm
     6                           
     7                           	processor	16F887
     8                           clrc	macro
     9                           	bcf	3,0
    10  0000                     	endm
    11                           clrz	macro
    12                           	bcf	3,2
    13  0000                     	endm
    14                           setc	macro
    15                           	bsf	3,0
    16  0000                     	endm
    17                           setz	macro
    18                           	bsf	3,2
    19  0000                     	endm
    20                           skipc	macro
    21                           	btfss	3,0
    22  0000                     	endm
    23                           skipz	macro
    24                           	btfss	3,2
    25  0000                     	endm
    26                           skipnc	macro
    27                           	btfsc	3,0
    28  0000                     	endm
    29                           skipnz	macro
    30                           	btfsc	3,2
    31  0000                     	endm
    32  0000                     indf	equ	0
    33  0000                     indf0	equ	0
    34  0002                     pc	equ	2
    35  0002                     pcl	equ	2
    36  0003                     status	equ	3
    37  0004                     fsr	equ	4
    38  0004                     fsr0	equ	4
    39  0001                     c	equ	1
    40  0000                     z	equ	0
    41  000A                     pclath	equ	10
    42                           	FNROOT	_main
    43                           	global	main@F1604
    44                           psect	idataBANK0,class=CODE,space=0,delta=2
    45                           global __pidataBANK0
    46  0717                     __pidataBANK0:
    47                           	file	"D:\New folder\4segment ca.c"
    48                           	line	6
    49                           
    50                           ;initializer for main@F1604
    51  0717  34C0               	retlw	0C0h
    52  0718  34F9               	retlw	0F9h
    53  0719  34A4               	retlw	0A4h
    54  071A  34B0               	retlw	0B0h
    55  071B  3499               	retlw	099h
    56  071C  3492               	retlw	092h
    57  071D  3482               	retlw	082h
    58  071E  34F8               	retlw	0F8h
    59  071F  3480               	retlw	080h
    60  0720  3490               	retlw	090h
    61  0721  3400               	retlw	0
    62  0722  3400               	retlw	0
    63  0723  3400               	retlw	0
    64  0724  3400               	retlw	0
    65  0725  3400               	retlw	0
    66  0726  3400               	retlw	0
    67  0727  3400               	retlw	0
    68  0728  3400               	retlw	0
    69  0729  3400               	retlw	0
    70  072A  3400               	retlw	0
    71                           	global	_PORTA
    72  0005                     _PORTA	set	5
    73                           	global	_PORTB
    74  0006                     _PORTB	set	6
    75                           	global	_RB0
    76  0030                     _RB0	set	48
    77                           	global	_RB1
    78  0031                     _RB1	set	49
    79                           	global	_RB2
    80  0032                     _RB2	set	50
    81                           	global	_RB3
    82  0033                     _RB3	set	51
    83                           	global	_TRISA
    84  0085                     _TRISA	set	133
    85                           	global	_TRISB
    86  0086                     _TRISB	set	134
    87                           	global	_ANSEL
    88  0188                     _ANSEL	set	392
    89                           	global	_ANSELH
    90  0189                     _ANSELH	set	393
    91                           	file	"4segment ca.as"
    92                           	line	#
    93                           psect cinit,class=CODE,delta=2
    94                           global start_initialization
    95  0705                     start_initialization:
    96                           
    97                           psect	dataBANK0,class=BANK0,space=1
    98                           global __pdataBANK0
    99  003C                     __pdataBANK0:
   100                           	file	"D:\New folder\4segment ca.c"
   101  003C                     main@F1604:
   102  003C                            ds      20
   103                           
   104                           global btemp
   105                           psect inittext,class=CODE,delta=2
   106                           global init_fetch,btemp
   107                           ;	Called with low address in FSR and high address in W
   108  06F4                     init_fetch:
   109  06F4  087E               	movf btemp,w
   110  06F5  008A               	movwf pclath
   111  06F6  087F               	movf btemp+1,w
   112  06F7  0082               	movwf pc
   113                           global init_ram
   114                           ;Called with:
   115                           ;	high address of idata address in btemp 
   116                           ;	low address of idata address in btemp+1 
   117                           ;	low address of data in FSR
   118                           ;	high address + 1 of data in btemp-1
   119  06F8                     init_ram:
   120  06F8  26F4  120A  118A   	fcall init_fetch
   121  06FB  0080               	movwf indf,f
   122  06FC  0A84               	incf fsr,f
   123  06FD  0804               	movf fsr,w
   124  06FE  067D               	xorwf btemp-1,w
   125  06FF  1903               	btfsc status,2
   126  0700  3400               	retlw 0
   127  0701  0AFF               	incf btemp+1,f
   128  0702  1903               	btfsc status,2
   129  0703  0AFE               	incf btemp,f
   130  0704  2EF8               	goto init_ram
   131                           ; Initialize objects allocated to BANK0
   132                           psect cinit,class=CODE,delta=2
   133                           global init_ram, __pidataBANK0
   134  0705  1383               	bcf	status, 7	;select IRP bank0
   135  0706  3050               	movlw low(__pdataBANK0+20)
   136  0707  00FD               	movwf btemp-1,f
   137  0708  3007               	movlw high(__pidataBANK0)
   138  0709  00FE               	movwf btemp,f
   139  070A  3017               	movlw low(__pidataBANK0)
   140  070B  00FF               	movwf btemp+1,f
   141  070C  303C               	movlw low(__pdataBANK0)
   142  070D  0084               	movwf fsr,f
   143  070E  120A  118A  26F8   	fcall init_ram
              120A  118A         
   144                           psect cinit,class=CODE,delta=2
   145                           global end_of_initialization
   146                           
   147                           ;End of C runtime variable initialization code
   148                           
   149  0713                     end_of_initialization:
   150  0713  0183               clrf status
   151  0714  120A  118A  2F2B   ljmp _main	;jump to C main() function
   152                           psect	cstackCOMMON,class=COMMON,space=1
   153                           global __pcstackCOMMON
   154  0070                     __pcstackCOMMON:
   155                           	global	??_main
   156  0070                     ??_main:	; 0 bytes @ 0x0
   157                           	global	?_main
   158  0070                     ?_main:	; 2 bytes @ 0x0
   159  0070                     	ds	4
   160                           psect	cstackBANK0,class=BANK0,space=1
   161                           global __pcstackBANK0
   162  0020                     __pcstackBANK0:
   163                           	global	main@cc
   164  0020                     main@cc:	; 20 bytes @ 0x0
   165  0020                     	ds	20
   166                           	global	main@i
   167  0034                     main@i:	; 2 bytes @ 0x14
   168  0034                     	ds	2
   169                           	global	main@j
   170  0036                     main@j:	; 2 bytes @ 0x16
   171  0036                     	ds	2
   172                           	global	main@k
   173  0038                     main@k:	; 2 bytes @ 0x18
   174  0038                     	ds	2
   175                           	global	main@l
   176  003A                     main@l:	; 2 bytes @ 0x1A
   177  003A                     	ds	2
   178 ;;Data sizes: Strings 0, constant 0, data 20, bss 0, persistent 0 stack 0
   179 ;;Auto spaces:   Size  Autos    Used
   180 ;; COMMON          14      4       4
   181 ;; BANK0           80     28      48
   182 ;; BANK1           80      0       0
   183 ;; BANK3           96      0       0
   184 ;; BANK2           96      0       0
   185                           
   186 ;;
   187 ;; Pointer list with targets:
   188                           
   189                           
   190                           
   191 ;;
   192 ;; Critical Paths under _main in COMMON
   193 ;;
   194 ;;   None.
   195 ;;
   196 ;; Critical Paths under _main in BANK0
   197 ;;
   198 ;;   None.
   199 ;;
   200 ;; Critical Paths under _main in BANK1
   201 ;;
   202 ;;   None.
   203 ;;
   204 ;; Critical Paths under _main in BANK3
   205 ;;
   206 ;;   None.
   207 ;;
   208 ;; Critical Paths under _main in BANK2
   209 ;;
   210 ;;   None.
   211                           
   212 ;;
   213 ;;Main: autosize = 0, tempsize = 4, incstack = 0, save=0
   214 ;;
   215                           
   216 ;;
   217 ;;Call Graph Tables:
   218 ;;
   219 ;; ---------------------------------------------------------------------------------
   220 ;; (Depth) Function   	        Calls       Base Space   Used Autos Params    Refs
   221 ;; ---------------------------------------------------------------------------------
   222 ;; (0) _main                                                32    32      0     365
   223 ;;                                              0 COMMON     4     4      0
   224 ;;                                              0 BANK0     28    28      0
   225 ;; ---------------------------------------------------------------------------------
   226 ;; Estimated maximum stack depth 0
   227 ;; ---------------------------------------------------------------------------------
   228                           
   229 ;; Call Graph Graphs:
   230                           
   231 ;; _main (ROOT)
   232 ;;
   233                           
   234 ;; Address spaces:
   235                           
   236 ;;Name               Size   Autos  Total    Cost      Usage
   237 ;;BANK3               60      0       0       9        0.0%
   238 ;;BITBANK3            60      0       0       8        0.0%
   239 ;;SFR3                 0      0       0       4        0.0%
   240 ;;BITSFR3              0      0       0       4        0.0%
   241 ;;BANK2               60      0       0      11        0.0%
   242 ;;BITBANK2            60      0       0      10        0.0%
   243 ;;SFR2                 0      0       0       5        0.0%
   244 ;;BITSFR2              0      0       0       5        0.0%
   245 ;;SFR1                 0      0       0       2        0.0%
   246 ;;BITSFR1              0      0       0       2        0.0%
   247 ;;BANK1               50      0       0       7        0.0%
   248 ;;BITBANK1            50      0       0       6        0.0%
   249 ;;CODE                 0      0       0       0        0.0%
   250 ;;DATA                 0      0      34      12        0.0%
   251 ;;ABS                  0      0      34       3        0.0%
   252 ;;NULL                 0      0       0       0        0.0%
   253 ;;STACK                0      0       0       2        0.0%
   254 ;;BANK0               50     1C      30       5       60.0%
   255 ;;BITBANK0            50      0       0       4        0.0%
   256 ;;SFR0                 0      0       0       1        0.0%
   257 ;;BITSFR0              0      0       0       1        0.0%
   258 ;;COMMON               E      4       4       1       28.6%
   259 ;;BITCOMMON            E      0       0       0        0.0%
   260 ;;EEDATA             100      0       0       0        0.0%
   261                           
   262                           	global	_main
   263                           psect	maintext,global,class=CODE,delta=2
   264                           global __pmaintext
   265  072B                     __pmaintext:
   266                           
   267 ;; *************** function _main *****************
   268 ;; Defined at:
   269 ;;		line 4 in file "D:\New folder\4segment ca.c"
   270 ;; Parameters:    Size  Location     Type
   271 ;;		None
   272 ;; Auto vars:     Size  Location     Type
   273 ;;  cc             20    0[BANK0 ] unsigned char [20]
   274 ;;  l               2   26[BANK0 ] int 
   275 ;;  k               2   24[BANK0 ] int 
   276 ;;  j               2   22[BANK0 ] int 
   277 ;;  i               2   20[BANK0 ] int 
   278 ;; Return value:  Size  Location     Type
   279 ;;                  2  1026[COMMON] int 
   280 ;; Registers used:
   281 ;;		wreg, fsr0l, fsr0h, status,2, status,0
   282 ;; Tracked objects:
   283 ;;		On entry : 17F/0
   284 ;;		On exit  : 0/0
   285 ;;		Unchanged: 0/0
   286 ;; Data sizes:     COMMON   BANK0   BANK1   BANK3   BANK2
   287 ;;      Params:         0       0       0       0       0
   288 ;;      Locals:         0      28       0       0       0
   289 ;;      Temps:          4       0       0       0       0
   290 ;;      Totals:         4      28       0       0       0
   291 ;;Total ram usage:       32 bytes
   292 ;; This function calls:
   293 ;;		Nothing
   294 ;; This function is called by:
   295 ;;		Startup code after reset
   296 ;; This function uses a non-reentrant model
   297 ;;
   298                           psect	maintext
   299                           	file	"D:\New folder\4segment ca.c"
   300                           	line	4
   301                           	global	__size_of_main
   302  00D5                     	__size_of_main	equ	__end_of_main-_main
   303                           	
   304  072B                     _main:	
   305                           	opt	stack 8
   306                           ; Regs used in _main: [wreg-fsr0h+status,2+status,0]
   307                           	line	6
   308                           	
   309  072B                     l2265:	
   310                           ;4segment ca.c: 5: int i,j,k,l;
   311                           ;4segment ca.c: 6: char cc[20]={0xC0,0xF9,0xA4,0xB0,0x99,0x92,0x82,0xF8,0x80,0x90};
   312  072B  3020               	movlw	(main@cc)&0ffh
   313  072C  0084               	movwf	fsr0
   314  072D  303C               	movlw	low(main@F1604)
   315  072E  00F0               	movwf	(??_main+0)+0
   316  072F  0804               	movf	fsr0,w
   317  0730  00F1               	movwf	((??_main+0)+0+1)
   318  0731  3014               	movlw	20
   319  0732  00F2               	movwf	((??_main+0)+0+2)
   320  0733                     u2230:
   321  0733  0870               	movf	(??_main+0)+0,w
   322  0734  0084               	movwf	fsr0
   323  0735  1383               	bcf	status, 7	;select IRP bank0
   324                           	
   325  0736  0800               	movf	indf,w
   326  0737  00F3               	movwf	((??_main+0)+0+3)
   327  0738  0AF0               	incf	(??_main+0)+0,f
   328  0739  0871               	movf	((??_main+0)+0+1),w
   329  073A  0084               	movwf	fsr0
   330                           	
   331  073B  0873               	movf	((??_main+0)+0+3),w
   332  073C  0080               	movwf	indf
   333  073D  0AF1               	incf	((??_main+0)+0+1),f
   334  073E  0BF2               	decfsz	((??_main+0)+0+2),f
   335  073F  2F33               	goto	u2230
   336                           	line	7
   337                           	
   338  0740                     l2267:	
   339                           ;4segment ca.c: 7: TRISA=0x00;
   340  0740  1683               	bsf	status, 5	;RP0=1, select bank1
   341  0741  1303               	bcf	status, 6	;RP1=0, select bank1
   342  0742  0185               	clrf	(133)^080h	;volatile
   343                           	line	8
   344                           	
   345  0743                     l2269:	
   346                           ;4segment ca.c: 8: PORTA=0x00;
   347  0743  1283               	bcf	status, 5	;RP0=0, select bank0
   348  0744  1303               	bcf	status, 6	;RP1=0, select bank0
   349  0745  0185               	clrf	(5)	;volatile
   350                           	line	9
   351                           	
   352  0746                     l2271:	
   353                           ;4segment ca.c: 9: TRISB=0x00;
   354  0746  1683               	bsf	status, 5	;RP0=1, select bank1
   355  0747  1303               	bcf	status, 6	;RP1=0, select bank1
   356  0748  0186               	clrf	(134)^080h	;volatile
   357                           	line	10
   358                           	
   359  0749                     l2273:	
   360                           ;4segment ca.c: 10: PORTB=0x00;
   361  0749  1283               	bcf	status, 5	;RP0=0, select bank0
   362  074A  1303               	bcf	status, 6	;RP1=0, select bank0
   363  074B  0186               	clrf	(6)	;volatile
   364                           	line	11
   365                           	
   366  074C                     l2275:	
   367                           ;4segment ca.c: 11: ANSEL=0x00;
   368  074C  1683               	bsf	status, 5	;RP0=1, select bank3
   369  074D  1703               	bsf	status, 6	;RP1=1, select bank3
   370  074E  0188               	clrf	(392)^0180h	;volatile
   371                           	line	12
   372                           	
   373  074F                     l2277:	
   374                           ;4segment ca.c: 12: ANSELH=0x00;
   375  074F  0189               	clrf	(393)^0180h	;volatile
   376  0750  2F51               	goto	l2279
   377                           	line	13
   378                           ;4segment ca.c: 13: while(1)
   379                           	
   380  0751                     l1029:	
   381                           	line	15
   382                           	
   383  0751                     l2279:	
   384                           ;4segment ca.c: 14: {
   385                           ;4segment ca.c: 15: for(i=9;i>=0;i--)
   386  0751  3009               	movlw	low(09h)
   387  0752  1283               	bcf	status, 5	;RP0=0, select bank0
   388  0753  1303               	bcf	status, 6	;RP1=0, select bank0
   389  0754  00B4               	movwf	(main@i)
   390  0755  3000               	movlw	high(09h)
   391  0756  00B5               	movwf	((main@i))+1
   392                           	
   393  0757                     l2281:	
   394  0757  1FB5               	btfss	(main@i+1),7
   395  0758  2F5A               	goto	u2241
   396  0759  2F5B               	goto	u2240
   397  075A                     u2241:
   398  075A  2F5D               	goto	l2285
   399  075B                     u2240:
   400  075B  2F51               	goto	l2279
   401                           	
   402  075C                     l2283:	
   403  075C  2F51               	goto	l2279
   404                           	line	16
   405                           	
   406  075D                     l1030:	
   407                           	line	17
   408                           	
   409  075D                     l2285:	
   410                           ;4segment ca.c: 16: {
   411                           ;4segment ca.c: 17: for(j=9;j>=0;j--)
   412  075D  3009               	movlw	low(09h)
   413  075E  00B6               	movwf	(main@j)
   414  075F  3000               	movlw	high(09h)
   415  0760  00B7               	movwf	((main@j))+1
   416                           	
   417  0761                     l2287:	
   418  0761  1FB7               	btfss	(main@j+1),7
   419  0762  2F64               	goto	u2251
   420  0763  2F65               	goto	u2250
   421  0764                     u2251:
   422  0764  2F67               	goto	l2291
   423  0765                     u2250:
   424  0765  2FF0               	goto	l2351
   425                           	
   426  0766                     l2289:	
   427  0766  2FF0               	goto	l2351
   428                           	line	18
   429                           	
   430  0767                     l1032:	
   431                           	line	19
   432                           	
   433  0767                     l2291:	
   434                           ;4segment ca.c: 18: {
   435                           ;4segment ca.c: 19: for(k=9;k>=0;k--)
   436  0767  3009               	movlw	low(09h)
   437  0768  00B8               	movwf	(main@k)
   438  0769  3000               	movlw	high(09h)
   439  076A  00B9               	movwf	((main@k))+1
   440                           	
   441  076B                     l2293:	
   442  076B  1FB9               	btfss	(main@k+1),7
   443  076C  2F6E               	goto	u2261
   444  076D  2F6F               	goto	u2260
   445  076E                     u2261:
   446  076E  2F71               	goto	l2297
   447  076F                     u2260:
   448  076F  2FE5               	goto	l2347
   449                           	
   450  0770                     l2295:	
   451  0770  2FE5               	goto	l2347
   452                           	line	20
   453                           	
   454  0771                     l1034:	
   455                           	line	21
   456                           	
   457  0771                     l2297:	
   458                           ;4segment ca.c: 20: {
   459                           ;4segment ca.c: 21: for(l=9;l>=0;l--)
   460  0771  3009               	movlw	low(09h)
   461  0772  00BA               	movwf	(main@l)
   462  0773  3000               	movlw	high(09h)
   463  0774  00BB               	movwf	((main@l))+1
   464                           	
   465  0775                     l2299:	
   466  0775  1FBB               	btfss	(main@l+1),7
   467  0776  2F78               	goto	u2271
   468  0777  2F79               	goto	u2270
   469  0778                     u2271:
   470  0778  2F7B               	goto	l1036
   471  0779                     u2270:
   472  0779  2FDA               	goto	l2343
   473                           	
   474  077A                     l2301:	
   475  077A  2FDA               	goto	l2343
   476                           	line	22
   477                           	
   478  077B                     l1036:	
   479                           	line	23
   480                           ;4segment ca.c: 22: {
   481                           ;4segment ca.c: 23: RB1=0;RB2=0;RB3=0;RB0=1;
   482  077B  1086               	bcf	(49/8),(49)&7
   483  077C  1106               	bcf	(50/8),(50)&7
   484  077D  1186               	bcf	(51/8),(51)&7
   485  077E  1406               	bsf	(48/8),(48)&7
   486                           	line	24
   487                           	
   488  077F                     l2303:	
   489                           ;4segment ca.c: 24: PORTA=cc[i];
   490  077F  0834               	movf	(main@i),w
   491  0780  3E20               	addlw	main@cc&0ffh
   492  0781  0084               	movwf	fsr0
   493  0782  1383               	bcf	status, 7	;select IRP bank0
   494  0783  0800               	movf	indf,w
   495  0784  0085               	movwf	(5)	;volatile
   496                           	line	25
   497                           	
   498  0785                     l2305:	
   499                           ;4segment ca.c: 25: _delay((unsigned long)((100)*(400000/4000.0)));
   500                           	opt asmopt_off
   501  0785  300D               movlw	13
   502  0786  00F1               movwf	((??_main+0)+0+1),f
   503  0787  30FB               	movlw	251
   504  0788  00F0               movwf	((??_main+0)+0),f
   505  0789                     u2327:
   506  0789  0BF0               	decfsz	((??_main+0)+0),f
   507  078A  2F89               	goto	u2327
   508  078B  0BF1               	decfsz	((??_main+0)+0+1),f
   509  078C  2F89               	goto	u2327
   510  078D  2F8E               	nop2
   511                           opt asmopt_on
   512                           
   513                           	line	26
   514                           	
   515  078E                     l2307:	
   516                           ;4segment ca.c: 26: RB0=0;RB2=0;RB3=0;RB1=1;
   517  078E  1283               	bcf	status, 5	;RP0=0, select bank0
   518  078F  1303               	bcf	status, 6	;RP1=0, select bank0
   519  0790  1006               	bcf	(48/8),(48)&7
   520                           	
   521  0791                     l2309:	
   522  0791  1106               	bcf	(50/8),(50)&7
   523                           	
   524  0792                     l2311:	
   525  0792  1186               	bcf	(51/8),(51)&7
   526                           	
   527  0793                     l2313:	
   528  0793  1486               	bsf	(49/8),(49)&7
   529                           	line	27
   530                           	
   531  0794                     l2315:	
   532                           ;4segment ca.c: 27: PORTA=cc[j];
   533  0794  0836               	movf	(main@j),w
   534  0795  3E20               	addlw	main@cc&0ffh
   535  0796  0084               	movwf	fsr0
   536  0797  1383               	bcf	status, 7	;select IRP bank0
   537  0798  0800               	movf	indf,w
   538  0799  0085               	movwf	(5)	;volatile
   539                           	line	28
   540                           ;4segment ca.c: 28: _delay((unsigned long)((100)*(400000/4000.0)));
   541                           	opt asmopt_off
   542  079A  300D               movlw	13
   543  079B  00F1               movwf	((??_main+0)+0+1),f
   544  079C  30FB               	movlw	251
   545  079D  00F0               movwf	((??_main+0)+0),f
   546  079E                     u2337:
   547  079E  0BF0               	decfsz	((??_main+0)+0),f
   548  079F  2F9E               	goto	u2337
   549  07A0  0BF1               	decfsz	((??_main+0)+0+1),f
   550  07A1  2F9E               	goto	u2337
   551  07A2  2FA3               	nop2
   552                           opt asmopt_on
   553                           
   554                           	line	29
   555                           	
   556  07A3                     l2317:	
   557                           ;4segment ca.c: 29: RB1=0;RB0=0;RB3=0;RB2=1;
   558  07A3  1283               	bcf	status, 5	;RP0=0, select bank0
   559  07A4  1303               	bcf	status, 6	;RP1=0, select bank0
   560  07A5  1086               	bcf	(49/8),(49)&7
   561                           	
   562  07A6                     l2319:	
   563  07A6  1006               	bcf	(48/8),(48)&7
   564                           	
   565  07A7                     l2321:	
   566  07A7  1186               	bcf	(51/8),(51)&7
   567                           	
   568  07A8                     l2323:	
   569  07A8  1506               	bsf	(50/8),(50)&7
   570                           	line	30
   571                           	
   572  07A9                     l2325:	
   573                           ;4segment ca.c: 30: PORTA=cc[k];
   574  07A9  0838               	movf	(main@k),w
   575  07AA  3E20               	addlw	main@cc&0ffh
   576  07AB  0084               	movwf	fsr0
   577  07AC  1383               	bcf	status, 7	;select IRP bank0
   578  07AD  0800               	movf	indf,w
   579  07AE  0085               	movwf	(5)	;volatile
   580                           	line	31
   581                           	
   582  07AF                     l2327:	
   583                           ;4segment ca.c: 31: _delay((unsigned long)((100)*(400000/4000.0)));
   584                           	opt asmopt_off
   585  07AF  300D               movlw	13
   586  07B0  00F1               movwf	((??_main+0)+0+1),f
   587  07B1  30FB               	movlw	251
   588  07B2  00F0               movwf	((??_main+0)+0),f
   589  07B3                     u2347:
   590  07B3  0BF0               	decfsz	((??_main+0)+0),f
   591  07B4  2FB3               	goto	u2347
   592  07B5  0BF1               	decfsz	((??_main+0)+0+1),f
   593  07B6  2FB3               	goto	u2347
   594  07B7  2FB8               	nop2
   595                           opt asmopt_on
   596                           
   597                           	line	32
   598                           	
   599  07B8                     l2329:	
   600                           ;4segment ca.c: 32: RB2=0;RB0=0;RB1=0;RB3=1;
   601  07B8  1283               	bcf	status, 5	;RP0=0, select bank0
   602  07B9  1303               	bcf	status, 6	;RP1=0, select bank0
   603  07BA  1106               	bcf	(50/8),(50)&7
   604                           	
   605  07BB                     l2331:	
   606  07BB  1006               	bcf	(48/8),(48)&7
   607                           	
   608  07BC                     l2333:	
   609  07BC  1086               	bcf	(49/8),(49)&7
   610                           	
   611  07BD                     l2335:	
   612  07BD  1586               	bsf	(51/8),(51)&7
   613                           	line	33
   614                           ;4segment ca.c: 33: PORTA=cc[l];
   615  07BE  083A               	movf	(main@l),w
   616  07BF  3E20               	addlw	main@cc&0ffh
   617  07C0  0084               	movwf	fsr0
   618  07C1  1383               	bcf	status, 7	;select IRP bank0
   619  07C2  0800               	movf	indf,w
   620  07C3  0085               	movwf	(5)	;volatile
   621                           	line	34
   622                           	
   623  07C4                     l2337:	
   624                           ;4segment ca.c: 34: _delay((unsigned long)((100)*(400000/4000.0)));
   625                           	opt asmopt_off
   626  07C4  300D               movlw	13
   627  07C5  00F1               movwf	((??_main+0)+0+1),f
   628  07C6  30FB               	movlw	251
   629  07C7  00F0               movwf	((??_main+0)+0),f
   630  07C8                     u2357:
   631  07C8  0BF0               	decfsz	((??_main+0)+0),f
   632  07C9  2FC8               	goto	u2357
   633  07CA  0BF1               	decfsz	((??_main+0)+0+1),f
   634  07CB  2FC8               	goto	u2357
   635  07CC  2FCD               	nop2
   636                           opt asmopt_on
   637                           
   638                           	line	21
   639                           	
   640  07CD                     l2339:	
   641  07CD  30FF               	movlw	low(-1)
   642  07CE  1283               	bcf	status, 5	;RP0=0, select bank0
   643  07CF  1303               	bcf	status, 6	;RP1=0, select bank0
   644  07D0  07BA               	addwf	(main@l),f
   645  07D1  1803               	skipnc
   646  07D2  0ABB               	incf	(main@l+1),f
   647  07D3  30FF               	movlw	high(-1)
   648  07D4  07BB               	addwf	(main@l+1),f
   649                           	
   650  07D5                     l2341:	
   651  07D5  1FBB               	btfss	(main@l+1),7
   652  07D6  2FD8               	goto	u2281
   653  07D7  2FD9               	goto	u2280
   654  07D8                     u2281:
   655  07D8  2F7B               	goto	l1036
   656  07D9                     u2280:
   657  07D9  2FDA               	goto	l2343
   658                           	
   659  07DA                     l1037:	
   660                           	line	19
   661                           	
   662  07DA                     l2343:	
   663  07DA  30FF               	movlw	low(-1)
   664  07DB  07B8               	addwf	(main@k),f
   665  07DC  1803               	skipnc
   666  07DD  0AB9               	incf	(main@k+1),f
   667  07DE  30FF               	movlw	high(-1)
   668  07DF  07B9               	addwf	(main@k+1),f
   669                           	
   670  07E0                     l2345:	
   671  07E0  1FB9               	btfss	(main@k+1),7
   672  07E1  2FE3               	goto	u2291
   673  07E2  2FE4               	goto	u2290
   674  07E3                     u2291:
   675  07E3  2F71               	goto	l2297
   676  07E4                     u2290:
   677  07E4  2FE5               	goto	l2347
   678                           	
   679  07E5                     l1035:	
   680                           	line	17
   681                           	
   682  07E5                     l2347:	
   683  07E5  30FF               	movlw	low(-1)
   684  07E6  07B6               	addwf	(main@j),f
   685  07E7  1803               	skipnc
   686  07E8  0AB7               	incf	(main@j+1),f
   687  07E9  30FF               	movlw	high(-1)
   688  07EA  07B7               	addwf	(main@j+1),f
   689                           	
   690  07EB                     l2349:	
   691  07EB  1FB7               	btfss	(main@j+1),7
   692  07EC  2FEE               	goto	u2301
   693  07ED  2FEF               	goto	u2300
   694  07EE                     u2301:
   695  07EE  2F67               	goto	l2291
   696  07EF                     u2300:
   697  07EF  2FF0               	goto	l2351
   698                           	
   699  07F0                     l1033:	
   700                           	line	15
   701                           	
   702  07F0                     l2351:	
   703  07F0  30FF               	movlw	low(-1)
   704  07F1  07B4               	addwf	(main@i),f
   705  07F2  1803               	skipnc
   706  07F3  0AB5               	incf	(main@i+1),f
   707  07F4  30FF               	movlw	high(-1)
   708  07F5  07B5               	addwf	(main@i+1),f
   709                           	
   710  07F6                     l2353:	
   711  07F6  1FB5               	btfss	(main@i+1),7
   712  07F7  2FF9               	goto	u2311
   713  07F8  2FFA               	goto	u2310
   714  07F9                     u2311:
   715  07F9  2F5D               	goto	l2285
   716  07FA                     u2310:
   717  07FA  2F51               	goto	l2279
   718                           	
   719  07FB                     l1031:	
   720  07FB  2F51               	goto	l2279
   721                           	line	39
   722                           	
   723  07FC                     l1038:	
   724                           	line	13
   725  07FC  2F51               	goto	l2279
   726                           	
   727  07FD                     l1039:	
   728                           	line	40
   729                           	
   730  07FD                     l1040:	
   731                           	global	start
   732  07FD  120A  118A  2800   	ljmp	start
   733                           	opt stack 0
   734                           GLOBAL	__end_of_main
   735  0800                     	__end_of_main:
   736 ;; =============== function _main ends ============
   737                           
   738                           	signat	_main,90
   739                           psect	maintext
   740                           	global	btemp
   741  007E                     	btemp set 07Eh
   742                           
   743                           	DABS	1,126,2	;btemp
   744                           	global	wtemp0
   745  007E                     	wtemp0 set btemp


HI-TECH Software PICC Macro Assembler V9.81 build 7503 
Symbol Table                                                                                   Wed Mar 08 11:45:05 2023

                   pc 0002                    fsr 0004                   _RB0 0030                   _RB1 0031  
                 _RB2 0032                   _RB3 0033                   fsr0 0004                   indf 0000  
                l1030 075D                  l1031 07FB                  l1040 07FD                  l1032 0767  
                l1033 07F0                  l1034 0771                  l1035 07E5                  l1036 077B  
                l1037 07DA                  l1029 0751                  l1038 07FC                  l1039 07FD  
                l2301 077A                  l2311 0792                  l2303 077F                  l2321 07A7  
                l2313 0793                  l2305 0785                  l2331 07BB                  l2323 07A8  
                l2315 0794                  l2307 078E                  l2341 07D5                  l2333 07BC  
                l2325 07A9                  l2317 07A3                  l2309 0791                  l2335 07BD  
                l2327 07AF                  l2319 07A6                  l2343 07DA                  l2351 07F0  
                l2271 0746                  l2353 07F6                  l2345 07E0                  l2337 07C4  
                l2329 07B8                  l2281 0757                  l2273 0749                  l2265 072B  
                l2339 07CD                  l2347 07E5                  l2291 0767                  l2283 075C  
                l2275 074C                  l2267 0740                  l2349 07EB                  l2293 076B  
                l2285 075D                  l2277 074F                  l2269 0743                  l2295 0770  
                l2287 0761                  l2279 0751                  l2297 0771                  l2289 0766  
                l2299 0775                  u2300 07EF                  u2301 07EE                  u2310 07FA  
                u2230 0733                  u2311 07F9                  u2240 075B                  u2241 075A  
                u2250 0765                  u2251 0764                  u2260 076F                  u2261 076E  
                u2270 0779                  u2327 0789                  u2271 0778                  u2280 07D9  
                u2281 07D8                  u2337 079E                  u2290 07E4                  u2291 07E3  
                u2347 07B3                  u2357 07C8                  _main 072B                  btemp 007E  
                start 0000                 ?_main 0070                 _ANSEL 0188                 _PORTA 0005  
               _PORTB 0006                 _TRISA 0085                 _TRISB 0086                 main@i 0034  
               main@j 0036                 main@k 0038                 main@l 003A                 pclath 000A  
               status 0003                 wtemp0 007E          __end_of_main 0800                ??_main 0070  
              _ANSELH 0189                main@cc 0020        __pcstackCOMMON 0070          __pidataBANK0 0717  
          __pmaintext 072B  end_of_initialization 0713               init_ram 06F8   start_initialization 0705  
         __pdataBANK0 003C         __pcstackBANK0 0020             main@F1604 003C             init_fetch 06F4  
       __size_of_main 00D5  
