

HI-TECH Software PIC LITE Macro Assembler V9.81 build 7503 
                                                                                               Thu Mar 09 12:03:58 2023

HI-TECH Software Omniscient Code Generator (Lite mode) build 7503
     1  0000                     opt subtitle "HI-TECH Software Omniscient Code Generator (Lite mode) build 7503"
     2                           
     3                           opt pagewidth 120
     4                           
     5                           	opt lm
     6                           
     7                           	processor	16F887
     8                           clrc	macro
     9                           	bcf	3,0
    10  0000                     	endm
    11                           clrz	macro
    12                           	bcf	3,2
    13  0000                     	endm
    14                           setc	macro
    15                           	bsf	3,0
    16  0000                     	endm
    17                           setz	macro
    18                           	bsf	3,2
    19  0000                     	endm
    20                           skipc	macro
    21                           	btfss	3,0
    22  0000                     	endm
    23                           skipz	macro
    24                           	btfss	3,2
    25  0000                     	endm
    26                           skipnc	macro
    27                           	btfsc	3,0
    28  0000                     	endm
    29                           skipnz	macro
    30                           	btfsc	3,2
    31  0000                     	endm
    32  0000                     indf	equ	0
    33  0000                     indf0	equ	0
    34  0002                     pc	equ	2
    35  0002                     pcl	equ	2
    36  0003                     status	equ	3
    37  0004                     fsr	equ	4
    38  0004                     fsr0	equ	4
    39  0001                     c	equ	1
    40  0000                     z	equ	0
    41  000A                     pclath	equ	10
    42                           	FNROOT	_main
    43                           	global	main@F1600
    44                           	global	main@F1602
    45                           psect	idataBANK1,class=CODE,space=0,delta=2
    46                           global __pidataBANK1
    47  074F                     __pidataBANK1:
    48                           	file	"D:\New folder\14segment new cc.c"
    49                           	line	5
    50                           
    51                           ;initializer for main@F1600
    52  074F  3437               	retlw	037h
    53  0750  340F               	retlw	0Fh
    54  0751  3439               	retlw	039h
    55  0752  340F               	retlw	0Fh
    56  0753  3439               	retlw	039h
    57  0754  3431               	retlw	031h
    58  0755  343D               	retlw	03Dh
    59  0756  3436               	retlw	036h
    60  0757  3409               	retlw	09h
    61  0758  341F               	retlw	01Fh
    62  0759  3430               	retlw	030h
    63  075A  3438               	retlw	038h
    64  075B  3436               	retlw	036h
    65  075C  3436               	retlw	036h
    66  075D  343F               	retlw	03Fh
    67  075E  3433               	retlw	033h
    68  075F  3423               	retlw	023h
    69  0760  3433               	retlw	033h
    70  0761  342D               	retlw	02Dh
    71  0762  3401               	retlw	01h
    72  0763  343E               	retlw	03Eh
    73  0764  3430               	retlw	030h
    74  0765  3436               	retlw	036h
    75  0766  3400               	retlw	0
    76  0767  3409               	retlw	09h
    77  0768  3409               	retlw	09h
    78                           	line	6
    79                           
    80                           ;initializer for main@F1602
    81  0769  3488               	retlw	088h
    82  076A  342A               	retlw	02Ah
    83  076B  3400               	retlw	0
    84  076C  3422               	retlw	022h
    85  076D  3488               	retlw	088h
    86  076E  3488               	retlw	088h
    87  076F  3408               	retlw	08h
    88  0770  3488               	retlw	088h
    89  0771  3422               	retlw	022h
    90  0772  3400               	retlw	0
    91  0773  3414               	retlw	014h
    92  0774  3400               	retlw	0
    93  0775  3405               	retlw	05h
    94  0776  3411               	retlw	011h
    95  0777  3400               	retlw	0
    96  0778  3488               	retlw	088h
    97  0779  3499               	retlw	099h
    98  077A  3498               	retlw	098h
    99  077B  3488               	retlw	088h
   100  077C  3422               	retlw	022h
   101  077D  3400               	retlw	0
   102  077E  3444               	retlw	044h
   103  077F  3450               	retlw	050h
   104  0780  3455               	retlw	055h
   105  0781  3401               	retlw	01h
   106  0782  3444               	retlw	044h
   107                           	global	_PORTA
   108  0005                     _PORTA	set	5
   109                           	global	_PORTB
   110  0006                     _PORTB	set	6
   111                           	global	_TRISA
   112  0085                     _TRISA	set	133
   113                           	global	_TRISB
   114  0086                     _TRISB	set	134
   115                           	global	_ANSEL
   116  0188                     _ANSEL	set	392
   117                           	global	_ANSELH
   118  0189                     _ANSELH	set	393
   119                           	file	"14segment new cc.as"
   120                           	line	#
   121                           psect cinit,class=CODE,delta=2
   122                           global start_initialization
   123  073D                     start_initialization:
   124                           
   125                           psect	dataBANK1,class=BANK1,space=1
   126                           global __pdataBANK1
   127  00A0                     __pdataBANK1:
   128                           	file	"D:\New folder\14segment new cc.c"
   129                           	line	5
   130  00A0                     main@F1600:
   131  00A0                            ds      26
   132                           
   133                           psect	dataBANK1
   134                           	file	"D:\New folder\14segment new cc.c"
   135                           	line	6
   136  00BA                     main@F1602:
   137  00BA                            ds      26
   138                           
   139                           global btemp
   140                           psect inittext,class=CODE,delta=2
   141                           global init_fetch,btemp
   142                           ;	Called with low address in FSR and high address in W
   143  072C                     init_fetch:
   144  072C  087E               	movf btemp,w
   145  072D  008A               	movwf pclath
   146  072E  087F               	movf btemp+1,w
   147  072F  0082               	movwf pc
   148                           global init_ram
   149                           ;Called with:
   150                           ;	high address of idata address in btemp 
   151                           ;	low address of idata address in btemp+1 
   152                           ;	low address of data in FSR
   153                           ;	high address + 1 of data in btemp-1
   154  0730                     init_ram:
   155  0730  272C  120A  118A   	fcall init_fetch
   156  0733  0080               	movwf indf,f
   157  0734  0A84               	incf fsr,f
   158  0735  0804               	movf fsr,w
   159  0736  067D               	xorwf btemp-1,w
   160  0737  1903               	btfsc status,2
   161  0738  3400               	retlw 0
   162  0739  0AFF               	incf btemp+1,f
   163  073A  1903               	btfsc status,2
   164  073B  0AFE               	incf btemp,f
   165  073C  2F30               	goto init_ram
   166                           ; Initialize objects allocated to BANK1
   167                           psect cinit,class=CODE,delta=2
   168                           global init_ram, __pidataBANK1
   169  073D  1383               	bcf	status, 7	;select IRP bank0
   170  073E  30D4               	movlw low(__pdataBANK1+52)
   171  073F  00FD               	movwf btemp-1,f
   172  0740  3007               	movlw high(__pidataBANK1)
   173  0741  00FE               	movwf btemp,f
   174  0742  304F               	movlw low(__pidataBANK1)
   175  0743  00FF               	movwf btemp+1,f
   176  0744  30A0               	movlw low(__pdataBANK1)
   177  0745  0084               	movwf fsr,f
   178  0746  120A  118A  2730   	fcall init_ram
              120A  118A         
   179                           psect cinit,class=CODE,delta=2
   180                           global end_of_initialization
   181                           
   182                           ;End of C runtime variable initialization code
   183                           
   184  074B                     end_of_initialization:
   185  074B  0183               clrf status
   186  074C  120A  118A  2F83   ljmp _main	;jump to C main() function
   187                           psect	cstackCOMMON,class=COMMON,space=1
   188                           global __pcstackCOMMON
   189  0070                     __pcstackCOMMON:
   190                           	global	?_main
   191  0070                     ?_main:	; 0 bytes @ 0x0
   192                           	global	??_main
   193  0070                     ??_main:	; 0 bytes @ 0x0
   194  0070                     	ds	4
   195                           psect	cstackBANK0,class=BANK0,space=1
   196                           global __pcstackBANK0
   197  0020                     __pcstackBANK0:
   198                           	global	main@cc
   199  0020                     main@cc:	; 26 bytes @ 0x0
   200  0020                     	ds	26
   201                           	global	main@cc1
   202  003A                     main@cc1:	; 26 bytes @ 0x1A
   203  003A                     	ds	26
   204                           	global	main@i
   205  0054                     main@i:	; 2 bytes @ 0x34
   206  0054                     	ds	2
   207                           	global	main@j
   208  0056                     main@j:	; 2 bytes @ 0x36
   209  0056                     	ds	2
   210 ;;Data sizes: Strings 0, constant 0, data 52, bss 0, persistent 0 stack 0
   211 ;;Auto spaces:   Size  Autos    Used
   212 ;; COMMON          14      4       4
   213 ;; BANK0           80     56      56
   214 ;; BANK1           80      0      52
   215 ;; BANK3           96      0       0
   216 ;; BANK2           96      0       0
   217                           
   218 ;;
   219 ;; Pointer list with targets:
   220                           
   221                           
   222                           
   223 ;;
   224 ;; Critical Paths under _main in COMMON
   225 ;;
   226 ;;   None.
   227 ;;
   228 ;; Critical Paths under _main in BANK0
   229 ;;
   230 ;;   None.
   231 ;;
   232 ;; Critical Paths under _main in BANK1
   233 ;;
   234 ;;   None.
   235 ;;
   236 ;; Critical Paths under _main in BANK3
   237 ;;
   238 ;;   None.
   239 ;;
   240 ;; Critical Paths under _main in BANK2
   241 ;;
   242 ;;   None.
   243                           
   244 ;;
   245 ;;Main: autosize = 0, tempsize = 4, incstack = 0, save=0
   246 ;;
   247                           
   248 ;;
   249 ;;Call Graph Tables:
   250 ;;
   251 ;; ---------------------------------------------------------------------------------
   252 ;; (Depth) Function   	        Calls       Base Space   Used Autos Params    Refs
   253 ;; ---------------------------------------------------------------------------------
   254 ;; (0) _main                                                60    60      0     118
   255 ;;                                              0 COMMON     4     4      0
   256 ;;                                              0 BANK0     56    56      0
   257 ;; ---------------------------------------------------------------------------------
   258 ;; Estimated maximum stack depth 0
   259 ;; ---------------------------------------------------------------------------------
   260                           
   261 ;; Call Graph Graphs:
   262                           
   263 ;; _main (ROOT)
   264 ;;
   265                           
   266 ;; Address spaces:
   267                           
   268 ;;Name               Size   Autos  Total    Cost      Usage
   269 ;;BANK3               60      0       0       9        0.0%
   270 ;;BITBANK3            60      0       0       8        0.0%
   271 ;;SFR3                 0      0       0       4        0.0%
   272 ;;BITSFR3              0      0       0       4        0.0%
   273 ;;BANK2               60      0       0      11        0.0%
   274 ;;BITBANK2            60      0       0      10        0.0%
   275 ;;SFR2                 0      0       0       5        0.0%
   276 ;;BITSFR2              0      0       0       5        0.0%
   277 ;;SFR1                 0      0       0       2        0.0%
   278 ;;BITSFR1              0      0       0       2        0.0%
   279 ;;BANK1               50      0      34       7       65.0%
   280 ;;BITBANK1            50      0       0       6        0.0%
   281 ;;CODE                 0      0       0       0        0.0%
   282 ;;DATA                 0      0      70      12        0.0%
   283 ;;ABS                  0      0      70       3        0.0%
   284 ;;NULL                 0      0       0       0        0.0%
   285 ;;STACK                0      0       0       2        0.0%
   286 ;;BANK0               50     38      38       5       70.0%
   287 ;;BITBANK0            50      0       0       4        0.0%
   288 ;;SFR0                 0      0       0       1        0.0%
   289 ;;BITSFR0              0      0       0       1        0.0%
   290 ;;COMMON               E      4       4       1       28.6%
   291 ;;BITCOMMON            E      0       0       0        0.0%
   292 ;;EEDATA             100      0       0       0        0.0%
   293                           
   294                           	global	_main
   295                           psect	maintext,global,class=CODE,delta=2
   296                           global __pmaintext
   297  0783                     __pmaintext:
   298                           
   299 ;; *************** function _main *****************
   300 ;; Defined at:
   301 ;;		line 4 in file "D:\New folder\14segment new cc.c"
   302 ;; Parameters:    Size  Location     Type
   303 ;;		None
   304 ;; Auto vars:     Size  Location     Type
   305 ;;  j               2   54[BANK0 ] int 
   306 ;;  i               2   52[BANK0 ] int 
   307 ;;  cc1            26   26[BANK0 ] unsigned char [26]
   308 ;;  cc             26    0[BANK0 ] unsigned char [26]
   309 ;; Return value:  Size  Location     Type
   310 ;;		None               void
   311 ;; Registers used:
   312 ;;		wreg, fsr0l, fsr0h, status,2, status,0, btemp+1
   313 ;; Tracked objects:
   314 ;;		On entry : 17F/0
   315 ;;		On exit  : 0/0
   316 ;;		Unchanged: 0/0
   317 ;; Data sizes:     COMMON   BANK0   BANK1   BANK3   BANK2
   318 ;;      Params:         0       0       0       0       0
   319 ;;      Locals:         0      56       0       0       0
   320 ;;      Temps:          4       0       0       0       0
   321 ;;      Totals:         4      56       0       0       0
   322 ;;Total ram usage:       60 bytes
   323 ;; This function calls:
   324 ;;		Nothing
   325 ;; This function is called by:
   326 ;;		Startup code after reset
   327 ;; This function uses a non-reentrant model
   328 ;;
   329                           psect	maintext
   330                           	file	"D:\New folder\14segment new cc.c"
   331                           	line	4
   332                           	global	__size_of_main
   333  007D                     	__size_of_main	equ	__end_of_main-_main
   334                           	
   335  0783                     _main:	
   336                           	opt	stack 8
   337                           ; Regs used in _main: [wreg-fsr0h+status,2+status,0+btemp+1]
   338                           	line	5
   339                           	
   340  0783                     l2200:	
   341                           ;14segment new cc.c: 5: char cc[]={0x37,0x0f,0x39,0x0f,0x39,0x31,0x3d,0x36,0x09,0x1f,0x3
                                 0,0x38,0x36,0x36,0x3f,0x33,0x23,0x33,0x2d,0x01,0x3e,0x30,0x36,0x00,0x09,0x09};
   342  0783  3020               	movlw	(main@cc)&0ffh
   343  0784  0084               	movwf	fsr0
   344  0785  30A0               	movlw	low(main@F1600)
   345  0786  00F0               	movwf	(??_main+0)+0
   346  0787  0804               	movf	fsr0,w
   347  0788  00F1               	movwf	((??_main+0)+0+1)
   348  0789  301A               	movlw	26
   349  078A  00F2               	movwf	((??_main+0)+0+2)
   350  078B                     u2170:
   351  078B  0870               	movf	(??_main+0)+0,w
   352  078C  0084               	movwf	fsr0
   353  078D  1383               	bcf	status, 7	;select IRP bank1
   354                           	
   355  078E  0800               	movf	indf,w
   356  078F  00F3               	movwf	((??_main+0)+0+3)
   357  0790  0AF0               	incf	(??_main+0)+0,f
   358  0791  0871               	movf	((??_main+0)+0+1),w
   359  0792  0084               	movwf	fsr0
   360                           	
   361  0793  0873               	movf	((??_main+0)+0+3),w
   362  0794  0080               	movwf	indf
   363  0795  0AF1               	incf	((??_main+0)+0+1),f
   364  0796  0BF2               	decfsz	((??_main+0)+0+2),f
   365  0797  2F8B               	goto	u2170
   366                           	line	6
   367                           ;14segment new cc.c: 6: char cc1[]={0x88,0x2a,0x00,0x22,0x88,0x88,0x08,0x88,0x22,0x00,0x
                                 14,0x00,0x05,0x11,0x00,0x88,0x99,0x98,0x88,0x22,0x00,0x44,0x50,0x55,0x01,0x44};
   368  0798  303A               	movlw	(main@cc1)&0ffh
   369  0799  0084               	movwf	fsr0
   370  079A  30BA               	movlw	low(main@F1602)
   371  079B  00F0               	movwf	(??_main+0)+0
   372  079C  0804               	movf	fsr0,w
   373  079D  00F1               	movwf	((??_main+0)+0+1)
   374  079E  301A               	movlw	26
   375  079F  00F2               	movwf	((??_main+0)+0+2)
   376  07A0                     u2180:
   377  07A0  0870               	movf	(??_main+0)+0,w
   378  07A1  0084               	movwf	fsr0
   379  07A2  1383               	bcf	status, 7	;select IRP bank1
   380                           	
   381  07A3  0800               	movf	indf,w
   382  07A4  00F3               	movwf	((??_main+0)+0+3)
   383  07A5  0AF0               	incf	(??_main+0)+0,f
   384  07A6  0871               	movf	((??_main+0)+0+1),w
   385  07A7  0084               	movwf	fsr0
   386                           	
   387  07A8  0873               	movf	((??_main+0)+0+3),w
   388  07A9  0080               	movwf	indf
   389  07AA  0AF1               	incf	((??_main+0)+0+1),f
   390  07AB  0BF2               	decfsz	((??_main+0)+0+2),f
   391  07AC  2FA0               	goto	u2180
   392                           	line	7
   393                           	
   394  07AD                     l2202:	
   395                           ;14segment new cc.c: 7: TRISA=0x00;
   396  07AD  1683               	bsf	status, 5	;RP0=1, select bank1
   397  07AE  1303               	bcf	status, 6	;RP1=0, select bank1
   398  07AF  0185               	clrf	(133)^080h	;volatile
   399                           	line	8
   400                           	
   401  07B0                     l2204:	
   402                           ;14segment new cc.c: 8: PORTA=0x00;
   403  07B0  1283               	bcf	status, 5	;RP0=0, select bank0
   404  07B1  1303               	bcf	status, 6	;RP1=0, select bank0
   405  07B2  0185               	clrf	(5)	;volatile
   406                           	line	9
   407                           	
   408  07B3                     l2206:	
   409                           ;14segment new cc.c: 9: TRISB=0x00;
   410  07B3  1683               	bsf	status, 5	;RP0=1, select bank1
   411  07B4  1303               	bcf	status, 6	;RP1=0, select bank1
   412  07B5  0186               	clrf	(134)^080h	;volatile
   413                           	line	10
   414                           	
   415  07B6                     l2208:	
   416                           ;14segment new cc.c: 10: PORTB=0x00;
   417  07B6  1283               	bcf	status, 5	;RP0=0, select bank0
   418  07B7  1303               	bcf	status, 6	;RP1=0, select bank0
   419  07B8  0186               	clrf	(6)	;volatile
   420                           	line	11
   421                           	
   422  07B9                     l2210:	
   423                           ;14segment new cc.c: 11: ANSEL=0x00;
   424  07B9  1683               	bsf	status, 5	;RP0=1, select bank3
   425  07BA  1703               	bsf	status, 6	;RP1=1, select bank3
   426  07BB  0188               	clrf	(392)^0180h	;volatile
   427                           	line	12
   428                           	
   429  07BC                     l2212:	
   430                           ;14segment new cc.c: 12: ANSELH=0x00;
   431  07BC  0189               	clrf	(393)^0180h	;volatile
   432  07BD  2FBE               	goto	l2214
   433                           	line	13
   434                           ;14segment new cc.c: 13: while(1)
   435                           	
   436  07BE                     l1031:	
   437                           	line	15
   438                           	
   439  07BE                     l2214:	
   440                           ;14segment new cc.c: 14: {
   441                           ;14segment new cc.c: 15: for(int i=0,j=0;i<26,j<26;i++,j++)
   442  07BE  1283               	bcf	status, 5	;RP0=0, select bank0
   443  07BF  1303               	bcf	status, 6	;RP1=0, select bank0
   444  07C0  01D4               	clrf	(main@i)
   445  07C1  01D5               	clrf	(main@i+1)
   446                           	
   447  07C2                     l2216:	
   448  07C2  01D6               	clrf	(main@j)
   449  07C3  01D7               	clrf	(main@j+1)
   450  07C4  2FED               	goto	l2226
   451                           	line	16
   452                           	
   453  07C5                     l1033:	
   454                           	line	17
   455                           	
   456  07C5                     l2218:	
   457                           ;14segment new cc.c: 16: {
   458                           ;14segment new cc.c: 17: PORTA=cc[i];
   459  07C5  1283               	bcf	status, 5	;RP0=0, select bank0
   460  07C6  1303               	bcf	status, 6	;RP1=0, select bank0
   461  07C7  0854               	movf	(main@i),w
   462  07C8  3E20               	addlw	main@cc&0ffh
   463  07C9  0084               	movwf	fsr0
   464  07CA  1383               	bcf	status, 7	;select IRP bank0
   465  07CB  0800               	movf	indf,w
   466  07CC  0085               	movwf	(5)	;volatile
   467                           	line	18
   468                           ;14segment new cc.c: 18: PORTB=cc1[j];
   469  07CD  0856               	movf	(main@j),w
   470  07CE  3E3A               	addlw	main@cc1&0ffh
   471  07CF  0084               	movwf	fsr0
   472  07D0  0800               	movf	indf,w
   473  07D1  0086               	movwf	(6)	;volatile
   474                           	line	19
   475                           	
   476  07D2                     l2220:	
   477                           ;14segment new cc.c: 19: _delay((unsigned long)((10000)*(400000/4000.0)));
   478                           	opt asmopt_off
   479  07D2  3006               movlw  6
   480  07D3  00F2               movwf	((??_main+0)+0+2),f
   481  07D4  300E               movlw	14
   482  07D5  00F1               movwf	((??_main+0)+0+1),f
   483  07D6  30B0               	movlw	176
   484  07D7  00F0               movwf	((??_main+0)+0),f
   485  07D8                     u2207:
   486  07D8  0BF0               	decfsz	((??_main+0)+0),f
   487  07D9  2FD8               	goto	u2207
   488  07DA  0BF1               	decfsz	((??_main+0)+0+1),f
   489  07DB  2FD8               	goto	u2207
   490  07DC  0BF2               	decfsz	((??_main+0)+0+2),f
   491  07DD  2FD8               	goto	u2207
   492                           opt asmopt_on
   493                           
   494                           	line	15
   495                           	
   496  07DE                     l2222:	
   497  07DE  3001               	movlw	low(01h)
   498  07DF  1283               	bcf	status, 5	;RP0=0, select bank0
   499  07E0  1303               	bcf	status, 6	;RP1=0, select bank0
   500  07E1  07D4               	addwf	(main@i),f
   501  07E2  1803               	skipnc
   502  07E3  0AD5               	incf	(main@i+1),f
   503  07E4  3000               	movlw	high(01h)
   504  07E5  07D5               	addwf	(main@i+1),f
   505                           	
   506  07E6                     l2224:	
   507  07E6  3001               	movlw	low(01h)
   508  07E7  07D6               	addwf	(main@j),f
   509  07E8  1803               	skipnc
   510  07E9  0AD7               	incf	(main@j+1),f
   511  07EA  3000               	movlw	high(01h)
   512  07EB  07D7               	addwf	(main@j+1),f
   513  07EC  2FED               	goto	l2226
   514                           	
   515  07ED                     l1032:	
   516                           	
   517  07ED                     l2226:	
   518  07ED  0857               	movf	(main@j+1),w
   519  07EE  3A80               	xorlw	80h
   520  07EF  00FF               	movwf	btemp+1
   521  07F0  3080               	movlw	(high(01Ah))^80h
   522  07F1  027F               	subwf	btemp+1,w
   523  07F2  1D03               	skipz
   524  07F3  2FF6               	goto	u2195
   525  07F4  301A               	movlw	low(01Ah)
   526  07F5  0256               	subwf	(main@j),w
   527  07F6                     u2195:
   528                           
   529  07F6  1C03               	skipc
   530  07F7  2FF9               	goto	u2191
   531  07F8  2FFA               	goto	u2190
   532  07F9                     u2191:
   533  07F9  2FC5               	goto	l2218
   534  07FA                     u2190:
   535  07FA  2FBE               	goto	l2214
   536                           	
   537  07FB                     l1034:	
   538  07FB  2FBE               	goto	l2214
   539                           	line	21
   540                           	
   541  07FC                     l1035:	
   542                           	line	13
   543  07FC  2FBE               	goto	l2214
   544                           	
   545  07FD                     l1036:	
   546                           	line	22
   547                           	
   548  07FD                     l1037:	
   549                           	global	start
   550  07FD  120A  118A  2800   	ljmp	start
   551                           	opt stack 0
   552                           GLOBAL	__end_of_main
   553  0800                     	__end_of_main:
   554 ;; =============== function _main ends ============
   555                           
   556                           	signat	_main,88
   557                           psect	maintext
   558                           	global	btemp
   559  007E                     	btemp set 07Eh
   560                           
   561                           	DABS	1,126,2	;btemp
   562                           	global	wtemp0
   563  007E                     	wtemp0 set btemp


HI-TECH Software PICC Macro Assembler V9.81 build 7503 
Symbol Table                                                                                   Thu Mar 09 12:03:58 2023

                   pc 0002                    fsr 0004                   fsr0 0004                   indf 0000  
                l1031 07BE                  l1032 07ED                  l1033 07C5                  l1034 07FB  
                l1035 07FC                  l1036 07FD                  l1037 07FD                  l2200 0783  
                l2210 07B9                  l2202 07AD                  l2220 07D2                  l2212 07BC  
                l2204 07B0                  l2222 07DE                  l2214 07BE                  l2206 07B3  
                l2224 07E6                  l2216 07C2                  l2208 07B6                  l2218 07C5  
                l2226 07ED                  u2207 07D8                  u2170 078B                  u2180 07A0  
                u2190 07FA                  u2191 07F9                  u2195 07F6                  _main 0783  
                btemp 007E                  start 0000                 ?_main 0070                 _ANSEL 0188  
               _PORTA 0005                 _PORTB 0006                 _TRISA 0085                 _TRISB 0086  
               main@i 0054                 main@j 0056                 pclath 000A                 status 0003  
               wtemp0 007E          __end_of_main 0800                ??_main 0070                _ANSELH 0189  
              main@cc 0020        __pcstackCOMMON 0070          __pidataBANK1 074F            __pmaintext 0783  
             main@cc1 003A  end_of_initialization 074B               init_ram 0730   start_initialization 073D  
         __pdataBANK1 00A0         __pcstackBANK0 0020             main@F1600 00A0             main@F1602 00BA  
           init_fetch 072C         __size_of_main 007D  
