

HI-TECH Software PIC LITE Macro Assembler V9.81 build 7503 
                                                                                               Tue Mar 21 14:21:22 2023

HI-TECH Software Omniscient Code Generator (Lite mode) build 7503
     1  0000                     opt subtitle "HI-TECH Software Omniscient Code Generator (Lite mode) build 7503"
     2                           
     3                           opt pagewidth 120
     4                           
     5                           	opt lm
     6                           
     7                           	processor	16F887
     8                           clrc	macro
     9                           	bcf	3,0
    10  0000                     	endm
    11                           clrz	macro
    12                           	bcf	3,2
    13  0000                     	endm
    14                           setc	macro
    15                           	bsf	3,0
    16  0000                     	endm
    17                           setz	macro
    18                           	bsf	3,2
    19  0000                     	endm
    20                           skipc	macro
    21                           	btfss	3,0
    22  0000                     	endm
    23                           skipz	macro
    24                           	btfss	3,2
    25  0000                     	endm
    26                           skipnc	macro
    27                           	btfsc	3,0
    28  0000                     	endm
    29                           skipnz	macro
    30                           	btfsc	3,2
    31  0000                     	endm
    32  0000                     indf	equ	0
    33  0000                     indf0	equ	0
    34  0002                     pc	equ	2
    35  0002                     pcl	equ	2
    36  0003                     status	equ	3
    37  0004                     fsr	equ	4
    38  0004                     fsr0	equ	4
    39  0001                     c	equ	1
    40  0000                     z	equ	0
    41  000A                     pclath	equ	10
    42                           	FNCALL	_main,_on
    43                           	FNCALL	_main,_type
    44                           	FNCALL	_main,_address
    45                           	FNCALL	_main,_display
    46                           	FNCALL	_display,_pulse
    47                           	FNCALL	_address,_pulse
    48                           	FNCALL	_on,_pulse
    49                           	FNCALL	_type,_pulse
    50                           	FNROOT	_main
    51                           	global	_PORTA
    52                           psect	text108,local,class=CODE,delta=2
    53                           global __ptext108
    54  0000                     __ptext108:
    55  0005                     _PORTA	set	5
    56                           	global	_PORTB
    57  0006                     _PORTB	set	6
    58                           	global	_PORTC
    59  0007                     _PORTC	set	7
    60                           	global	_RB0
    61  0030                     _RB0	set	48
    62                           	global	_RB1
    63  0031                     _RB1	set	49
    64                           	global	_RB2
    65  0032                     _RB2	set	50
    66                           	global	_RC0
    67  0038                     _RC0	set	56
    68                           	global	_RC1
    69  0039                     _RC1	set	57
    70                           	global	_RC2
    71  003A                     _RC2	set	58
    72                           	global	_RC3
    73  003B                     _RC3	set	59
    74                           	global	_RC4
    75  003C                     _RC4	set	60
    76                           	global	_RC5
    77  003D                     _RC5	set	61
    78                           	global	_RC6
    79  003E                     _RC6	set	62
    80                           	global	_TRISA
    81  0085                     _TRISA	set	133
    82                           	global	_TRISB
    83  0086                     _TRISB	set	134
    84                           	global	_TRISC
    85  0087                     _TRISC	set	135
    86                           	global	_ANSEL
    87  0188                     _ANSEL	set	392
    88                           	global	_ANSELH
    89  0189                     _ANSELH	set	393
    90                           	file	"keypad calculator.as"
    91                           	line	#
    92                           psect cinit,class=CODE,delta=2
    93                           global start_initialization
    94  0687                     start_initialization:
    95                           
    96                           psect cinit,class=CODE,delta=2
    97                           global end_of_initialization
    98                           
    99                           ;End of C runtime variable initialization code
   100                           
   101  0687                     end_of_initialization:
   102  0687  0183               clrf status
   103  0688  120A  118A  2ED4   ljmp _main	;jump to C main() function
   104                           psect	cstackCOMMON,class=COMMON,space=1
   105                           global __pcstackCOMMON
   106  0070                     __pcstackCOMMON:
   107                           	global	?_pulse
   108  0070                     ?_pulse:	; 0 bytes @ 0x0
   109                           	global	??_pulse
   110  0070                     ??_pulse:	; 0 bytes @ 0x0
   111                           	global	?_type
   112  0070                     ?_type:	; 0 bytes @ 0x0
   113                           	global	?_on
   114  0070                     ?_on:	; 0 bytes @ 0x0
   115                           	global	?_address
   116  0070                     ?_address:	; 0 bytes @ 0x0
   117                           	global	?_main
   118  0070                     ?_main:	; 0 bytes @ 0x0
   119  0070                     	ds	2
   120                           	global	??_type
   121  0072                     ??_type:	; 0 bytes @ 0x2
   122                           	global	??_on
   123  0072                     ??_on:	; 0 bytes @ 0x2
   124                           	global	??_address
   125  0072                     ??_address:	; 0 bytes @ 0x2
   126                           	global	?_display
   127  0072                     ?_display:	; 0 bytes @ 0x2
   128                           	global	display@a
   129  0072                     display@a:	; 2 bytes @ 0x2
   130  0072                     	ds	2
   131                           	global	??_display
   132  0074                     ??_display:	; 0 bytes @ 0x4
   133                           	global	??_main
   134  0074                     ??_main:	; 0 bytes @ 0x4
   135 ;;Data sizes: Strings 0, constant 0, data 0, bss 0, persistent 0 stack 0
   136 ;;Auto spaces:   Size  Autos    Used
   137 ;; COMMON          14      4       4
   138 ;; BANK0           80      0       0
   139 ;; BANK1           80      0       0
   140 ;; BANK3           96      0       0
   141 ;; BANK2           96      0       0
   142                           
   143 ;;
   144 ;; Pointer list with targets:
   145                           
   146                           
   147                           
   148 ;;
   149 ;; Critical Paths under _main in COMMON
   150 ;;
   151 ;;   _main->_display
   152 ;;   _display->_pulse
   153 ;;   _address->_pulse
   154 ;;   _on->_pulse
   155 ;;   _type->_pulse
   156 ;;
   157 ;; Critical Paths under _main in BANK0
   158 ;;
   159 ;;   None.
   160 ;;
   161 ;; Critical Paths under _main in BANK1
   162 ;;
   163 ;;   None.
   164 ;;
   165 ;; Critical Paths under _main in BANK3
   166 ;;
   167 ;;   None.
   168 ;;
   169 ;; Critical Paths under _main in BANK2
   170 ;;
   171 ;;   None.
   172                           
   173 ;;
   174 ;;Main: autosize = 0, tempsize = 0, incstack = 0, save=0
   175 ;;
   176                           
   177 ;;
   178 ;;Call Graph Tables:
   179 ;;
   180 ;; ---------------------------------------------------------------------------------
   181 ;; (Depth) Function   	        Calls       Base Space   Used Autos Params    Refs
   182 ;; ---------------------------------------------------------------------------------
   183 ;; (0) _main                                                 0     0      0      15
   184 ;;                                 _on
   185 ;;                               _type
   186 ;;                            _address
   187 ;;                            _display
   188 ;; ---------------------------------------------------------------------------------
   189 ;; (1) _display                                              2     0      2      15
   190 ;;                                              2 COMMON     2     0      2
   191 ;;                              _pulse
   192 ;; ---------------------------------------------------------------------------------
   193 ;; (1) _address                                              0     0      0       0
   194 ;;                              _pulse
   195 ;; ---------------------------------------------------------------------------------
   196 ;; (1) _on                                                   0     0      0       0
   197 ;;                              _pulse
   198 ;; ---------------------------------------------------------------------------------
   199 ;; (1) _type                                                 0     0      0       0
   200 ;;                              _pulse
   201 ;; ---------------------------------------------------------------------------------
   202 ;; (2) _pulse                                                2     2      0       0
   203 ;;                                              0 COMMON     2     2      0
   204 ;; ---------------------------------------------------------------------------------
   205 ;; Estimated maximum stack depth 2
   206 ;; ---------------------------------------------------------------------------------
   207                           
   208 ;; Call Graph Graphs:
   209                           
   210 ;; _main (ROOT)
   211 ;;   _on
   212 ;;     _pulse
   213 ;;   _type
   214 ;;     _pulse
   215 ;;   _address
   216 ;;     _pulse
   217 ;;   _display
   218 ;;     _pulse
   219 ;;
   220                           
   221 ;; Address spaces:
   222                           
   223 ;;Name               Size   Autos  Total    Cost      Usage
   224 ;;BITCOMMON            E      0       0       0        0.0%
   225 ;;EEDATA             100      0       0       0        0.0%
   226 ;;NULL                 0      0       0       0        0.0%
   227 ;;CODE                 0      0       0       0        0.0%
   228 ;;COMMON               E      4       4       1       28.6%
   229 ;;BITSFR0              0      0       0       1        0.0%
   230 ;;SFR0                 0      0       0       1        0.0%
   231 ;;BITSFR1              0      0       0       2        0.0%
   232 ;;SFR1                 0      0       0       2        0.0%
   233 ;;STACK                0      0       2       2        0.0%
   234 ;;ABS                  0      0       0       3        0.0%
   235 ;;BITBANK0            50      0       0       4        0.0%
   236 ;;BITSFR3              0      0       0       4        0.0%
   237 ;;SFR3                 0      0       0       4        0.0%
   238 ;;BANK0               50      0       0       5        0.0%
   239 ;;BITSFR2              0      0       0       5        0.0%
   240 ;;SFR2                 0      0       0       5        0.0%
   241 ;;BITBANK1            50      0       0       6        0.0%
   242 ;;BANK1               50      0       0       7        0.0%
   243 ;;BITBANK3            60      0       0       8        0.0%
   244 ;;BANK3               60      0       0       9        0.0%
   245 ;;BITBANK2            60      0       0      10        0.0%
   246 ;;BANK2               60      0       0      11        0.0%
   247 ;;DATA                 0      0       0      12        0.0%
   248                           
   249                           	global	_main
   250                           psect	maintext,global,class=CODE,delta=2
   251                           global __pmaintext
   252  06D4                     __pmaintext:
   253                           
   254 ;; *************** function _main *****************
   255 ;; Defined at:
   256 ;;		line 35 in file "D:\New folder\keypad calculator.c"
   257 ;; Parameters:    Size  Location     Type
   258 ;;		None
   259 ;; Auto vars:     Size  Location     Type
   260 ;;		None
   261 ;; Return value:  Size  Location     Type
   262 ;;		None               void
   263 ;; Registers used:
   264 ;;		wreg, status,2, status,0, pclath, cstack
   265 ;; Tracked objects:
   266 ;;		On entry : 17F/0
   267 ;;		On exit  : 0/0
   268 ;;		Unchanged: 0/0
   269 ;; Data sizes:     COMMON   BANK0   BANK1   BANK3   BANK2
   270 ;;      Params:         0       0       0       0       0
   271 ;;      Locals:         0       0       0       0       0
   272 ;;      Temps:          0       0       0       0       0
   273 ;;      Totals:         0       0       0       0       0
   274 ;;Total ram usage:        0 bytes
   275 ;; Hardware stack levels required when called:    2
   276 ;; This function calls:
   277 ;;		_on
   278 ;;		_type
   279 ;;		_address
   280 ;;		_display
   281 ;; This function is called by:
   282 ;;		Startup code after reset
   283 ;; This function uses a non-reentrant model
   284 ;;
   285                           psect	maintext
   286                           	file	"D:\New folder\keypad calculator.c"
   287                           	line	35
   288                           	global	__size_of_main
   289  012C                     	__size_of_main	equ	__end_of_main-_main
   290                           	
   291  06D4                     _main:	
   292                           	opt	stack 6
   293                           ; Regs used in _main: [wreg+status,2+status,0+pclath+cstack]
   294                           	line	36
   295                           	
   296  06D4                     l2222:	
   297                           ;keypad calculator.c: 36: TRISA=0X00;
   298  06D4  1683               	bsf	status, 5	;RP0=1, select bank1
   299  06D5  1303               	bcf	status, 6	;RP1=0, select bank1
   300  06D6  0185               	clrf	(133)^080h	;volatile
   301                           	line	37
   302                           ;keypad calculator.c: 37: PORTA=0X00;
   303  06D7  1283               	bcf	status, 5	;RP0=0, select bank0
   304  06D8  1303               	bcf	status, 6	;RP1=0, select bank0
   305  06D9  0185               	clrf	(5)	;volatile
   306                           	line	38
   307                           	
   308  06DA                     l2224:	
   309                           ;keypad calculator.c: 38: TRISC=0X78;
   310  06DA  3078               	movlw	(078h)
   311  06DB  1683               	bsf	status, 5	;RP0=1, select bank1
   312  06DC  1303               	bcf	status, 6	;RP1=0, select bank1
   313  06DD  0087               	movwf	(135)^080h	;volatile
   314                           	line	39
   315                           	
   316  06DE                     l2226:	
   317                           ;keypad calculator.c: 39: PORTC=0X00;
   318  06DE  1283               	bcf	status, 5	;RP0=0, select bank0
   319  06DF  1303               	bcf	status, 6	;RP1=0, select bank0
   320  06E0  0187               	clrf	(7)	;volatile
   321                           	line	40
   322                           	
   323  06E1                     l2228:	
   324                           ;keypad calculator.c: 40: TRISB=0X00;
   325  06E1  1683               	bsf	status, 5	;RP0=1, select bank1
   326  06E2  1303               	bcf	status, 6	;RP1=0, select bank1
   327  06E3  0186               	clrf	(134)^080h	;volatile
   328                           	line	41
   329                           	
   330  06E4                     l2230:	
   331                           ;keypad calculator.c: 41: PORTB=0X00;
   332  06E4  1283               	bcf	status, 5	;RP0=0, select bank0
   333  06E5  1303               	bcf	status, 6	;RP1=0, select bank0
   334  06E6  0186               	clrf	(6)	;volatile
   335                           	line	42
   336                           	
   337  06E7                     l2232:	
   338                           ;keypad calculator.c: 42: ANSEL=0X00;
   339  06E7  1683               	bsf	status, 5	;RP0=1, select bank3
   340  06E8  1703               	bsf	status, 6	;RP1=1, select bank3
   341  06E9  0188               	clrf	(392)^0180h	;volatile
   342                           	line	43
   343                           	
   344  06EA                     l2234:	
   345                           ;keypad calculator.c: 43: ANSELH=0X00;
   346  06EA  0189               	clrf	(393)^0180h	;volatile
   347                           	line	44
   348                           	
   349  06EB                     l2236:	
   350                           ;keypad calculator.c: 44: on();
   351  06EB  120A  118A  2697   	fcall	_on
              120A  118A         
   352                           	line	45
   353                           	
   354  06F0                     l2238:	
   355                           ;keypad calculator.c: 45: type();
   356  06F0  120A  118A  268B   	fcall	_type
              120A  118A         
   357  06F5  2EF6               	goto	l2240
   358                           	line	46
   359                           ;keypad calculator.c: 46: while(1)
   360                           	
   361  06F6                     l1042:	
   362                           	line	48
   363                           	
   364  06F6                     l2240:	
   365                           ;keypad calculator.c: 47: {
   366                           ;keypad calculator.c: 48: RC1=0;RC2=0;RC0=1;
   367  06F6  1283               	bcf	status, 5	;RP0=0, select bank0
   368  06F7  1303               	bcf	status, 6	;RP1=0, select bank0
   369  06F8  1087               	bcf	(57/8),(57)&7
   370                           	
   371  06F9                     l2242:	
   372  06F9  1107               	bcf	(58/8),(58)&7
   373                           	
   374  06FA                     l2244:	
   375  06FA  1407               	bsf	(56/8),(56)&7
   376                           	line	49
   377                           	
   378  06FB                     l2246:	
   379                           ;keypad calculator.c: 49: if(RC3==1)
   380  06FB  1D87               	btfss	(59/8),(59)&7
   381  06FC  2EFE               	goto	u2141
   382  06FD  2EFF               	goto	u2140
   383  06FE                     u2141:
   384  06FE  2F0E               	goto	l2250
   385  06FF                     u2140:
   386                           	line	51
   387                           	
   388  06FF                     l2248:	
   389                           ;keypad calculator.c: 50: {
   390                           ;keypad calculator.c: 51: address();
   391  06FF  120A  118A  26A3   	fcall	_address
              120A  118A         
   392                           	line	52
   393                           ;keypad calculator.c: 52: display(0x31);
   394  0704  3031               	movlw	low(031h)
   395  0705  00F2               	movwf	(?_display)
   396  0706  3000               	movlw	high(031h)
   397  0707  00F3               	movwf	((?_display))+1
   398  0708  120A  118A  26AF   	fcall	_display
              120A  118A         
   399  070D  2F0E               	goto	l2250
   400                           	line	53
   401                           	
   402  070E                     l1043:	
   403                           	line	54
   404                           	
   405  070E                     l2250:	
   406                           ;keypad calculator.c: 53: }
   407                           ;keypad calculator.c: 54: if(RC4==1)
   408  070E  1283               	bcf	status, 5	;RP0=0, select bank0
   409  070F  1303               	bcf	status, 6	;RP1=0, select bank0
   410  0710  1E07               	btfss	(60/8),(60)&7
   411  0711  2F13               	goto	u2151
   412  0712  2F14               	goto	u2150
   413  0713                     u2151:
   414  0713  2F23               	goto	l2254
   415  0714                     u2150:
   416                           	line	56
   417                           	
   418  0714                     l2252:	
   419                           ;keypad calculator.c: 55: {
   420                           ;keypad calculator.c: 56: address();
   421  0714  120A  118A  26A3   	fcall	_address
              120A  118A         
   422                           	line	57
   423                           ;keypad calculator.c: 57: display(0x34);
   424  0719  3034               	movlw	low(034h)
   425  071A  00F2               	movwf	(?_display)
   426  071B  3000               	movlw	high(034h)
   427  071C  00F3               	movwf	((?_display))+1
   428  071D  120A  118A  26AF   	fcall	_display
              120A  118A         
   429  0722  2F23               	goto	l2254
   430                           	line	58
   431                           	
   432  0723                     l1044:	
   433                           	line	59
   434                           	
   435  0723                     l2254:	
   436                           ;keypad calculator.c: 58: }
   437                           ;keypad calculator.c: 59: if(RC5==1)
   438  0723  1283               	bcf	status, 5	;RP0=0, select bank0
   439  0724  1303               	bcf	status, 6	;RP1=0, select bank0
   440  0725  1E87               	btfss	(61/8),(61)&7
   441  0726  2F28               	goto	u2161
   442  0727  2F29               	goto	u2160
   443  0728                     u2161:
   444  0728  2F38               	goto	l2258
   445  0729                     u2160:
   446                           	line	61
   447                           	
   448  0729                     l2256:	
   449                           ;keypad calculator.c: 60: {
   450                           ;keypad calculator.c: 61: address();
   451  0729  120A  118A  26A3   	fcall	_address
              120A  118A         
   452                           	line	62
   453                           ;keypad calculator.c: 62: display(0x37);
   454  072E  3037               	movlw	low(037h)
   455  072F  00F2               	movwf	(?_display)
   456  0730  3000               	movlw	high(037h)
   457  0731  00F3               	movwf	((?_display))+1
   458  0732  120A  118A  26AF   	fcall	_display
              120A  118A         
   459  0737  2F38               	goto	l2258
   460                           	line	63
   461                           	
   462  0738                     l1045:	
   463                           	line	64
   464                           	
   465  0738                     l2258:	
   466                           ;keypad calculator.c: 63: }
   467                           ;keypad calculator.c: 64: if(RC6==1)
   468  0738  1283               	bcf	status, 5	;RP0=0, select bank0
   469  0739  1303               	bcf	status, 6	;RP1=0, select bank0
   470  073A  1F07               	btfss	(62/8),(62)&7
   471  073B  2F3D               	goto	u2171
   472  073C  2F3E               	goto	u2170
   473  073D                     u2171:
   474  073D  2F4D               	goto	l2262
   475  073E                     u2170:
   476                           	line	66
   477                           	
   478  073E                     l2260:	
   479                           ;keypad calculator.c: 65: {
   480                           ;keypad calculator.c: 66: address();
   481  073E  120A  118A  26A3   	fcall	_address
              120A  118A         
   482                           	line	67
   483                           ;keypad calculator.c: 67: display(0x2a);
   484  0743  302A               	movlw	low(02Ah)
   485  0744  00F2               	movwf	(?_display)
   486  0745  3000               	movlw	high(02Ah)
   487  0746  00F3               	movwf	((?_display))+1
   488  0747  120A  118A  26AF   	fcall	_display
              120A  118A         
   489  074C  2F4D               	goto	l2262
   490                           	line	68
   491                           	
   492  074D                     l1046:	
   493                           	line	69
   494                           	
   495  074D                     l2262:	
   496                           ;keypad calculator.c: 68: }
   497                           ;keypad calculator.c: 69: RC0=0;RC2=0;RC1=1;
   498  074D  1283               	bcf	status, 5	;RP0=0, select bank0
   499  074E  1303               	bcf	status, 6	;RP1=0, select bank0
   500  074F  1007               	bcf	(56/8),(56)&7
   501                           	
   502  0750                     l2264:	
   503  0750  1107               	bcf	(58/8),(58)&7
   504                           	
   505  0751                     l2266:	
   506  0751  1487               	bsf	(57/8),(57)&7
   507                           	line	70
   508                           	
   509  0752                     l2268:	
   510                           ;keypad calculator.c: 70: if(RC3==1)
   511  0752  1D87               	btfss	(59/8),(59)&7
   512  0753  2F55               	goto	u2181
   513  0754  2F56               	goto	u2180
   514  0755                     u2181:
   515  0755  2F65               	goto	l2272
   516  0756                     u2180:
   517                           	line	72
   518                           	
   519  0756                     l2270:	
   520                           ;keypad calculator.c: 71: {
   521                           ;keypad calculator.c: 72: address();
   522  0756  120A  118A  26A3   	fcall	_address
              120A  118A         
   523                           	line	73
   524                           ;keypad calculator.c: 73: display(0x32);
   525  075B  3032               	movlw	low(032h)
   526  075C  00F2               	movwf	(?_display)
   527  075D  3000               	movlw	high(032h)
   528  075E  00F3               	movwf	((?_display))+1
   529  075F  120A  118A  26AF   	fcall	_display
              120A  118A         
   530  0764  2F65               	goto	l2272
   531                           	line	74
   532                           	
   533  0765                     l1047:	
   534                           	line	75
   535                           	
   536  0765                     l2272:	
   537                           ;keypad calculator.c: 74: }
   538                           ;keypad calculator.c: 75: if(RC4==1)
   539  0765  1283               	bcf	status, 5	;RP0=0, select bank0
   540  0766  1303               	bcf	status, 6	;RP1=0, select bank0
   541  0767  1E07               	btfss	(60/8),(60)&7
   542  0768  2F6A               	goto	u2191
   543  0769  2F6B               	goto	u2190
   544  076A                     u2191:
   545  076A  2F7A               	goto	l2276
   546  076B                     u2190:
   547                           	line	77
   548                           	
   549  076B                     l2274:	
   550                           ;keypad calculator.c: 76: {
   551                           ;keypad calculator.c: 77: address();
   552  076B  120A  118A  26A3   	fcall	_address
              120A  118A         
   553                           	line	78
   554                           ;keypad calculator.c: 78: display(0x35);
   555  0770  3035               	movlw	low(035h)
   556  0771  00F2               	movwf	(?_display)
   557  0772  3000               	movlw	high(035h)
   558  0773  00F3               	movwf	((?_display))+1
   559  0774  120A  118A  26AF   	fcall	_display
              120A  118A         
   560  0779  2F7A               	goto	l2276
   561                           	line	79
   562                           	
   563  077A                     l1048:	
   564                           	line	80
   565                           	
   566  077A                     l2276:	
   567                           ;keypad calculator.c: 79: }
   568                           ;keypad calculator.c: 80: if(RC5==1)
   569  077A  1283               	bcf	status, 5	;RP0=0, select bank0
   570  077B  1303               	bcf	status, 6	;RP1=0, select bank0
   571  077C  1E87               	btfss	(61/8),(61)&7
   572  077D  2F7F               	goto	u2201
   573  077E  2F80               	goto	u2200
   574  077F                     u2201:
   575  077F  2F8F               	goto	l2280
   576  0780                     u2200:
   577                           	line	82
   578                           	
   579  0780                     l2278:	
   580                           ;keypad calculator.c: 81: {
   581                           ;keypad calculator.c: 82: address();
   582  0780  120A  118A  26A3   	fcall	_address
              120A  118A         
   583                           	line	83
   584                           ;keypad calculator.c: 83: display(0x38);
   585  0785  3038               	movlw	low(038h)
   586  0786  00F2               	movwf	(?_display)
   587  0787  3000               	movlw	high(038h)
   588  0788  00F3               	movwf	((?_display))+1
   589  0789  120A  118A  26AF   	fcall	_display
              120A  118A         
   590  078E  2F8F               	goto	l2280
   591                           	line	84
   592                           	
   593  078F                     l1049:	
   594                           	line	85
   595                           	
   596  078F                     l2280:	
   597                           ;keypad calculator.c: 84: }
   598                           ;keypad calculator.c: 85: if(RC6==1)
   599  078F  1283               	bcf	status, 5	;RP0=0, select bank0
   600  0790  1303               	bcf	status, 6	;RP1=0, select bank0
   601  0791  1F07               	btfss	(62/8),(62)&7
   602  0792  2F94               	goto	u2211
   603  0793  2F95               	goto	u2210
   604  0794                     u2211:
   605  0794  2FA4               	goto	l2284
   606  0795                     u2210:
   607                           	line	87
   608                           	
   609  0795                     l2282:	
   610                           ;keypad calculator.c: 86: {
   611                           ;keypad calculator.c: 87: address();
   612  0795  120A  118A  26A3   	fcall	_address
              120A  118A         
   613                           	line	88
   614                           ;keypad calculator.c: 88: display(0x30);
   615  079A  3030               	movlw	low(030h)
   616  079B  00F2               	movwf	(?_display)
   617  079C  3000               	movlw	high(030h)
   618  079D  00F3               	movwf	((?_display))+1
   619  079E  120A  118A  26AF   	fcall	_display
              120A  118A         
   620  07A3  2FA4               	goto	l2284
   621                           	line	89
   622                           	
   623  07A4                     l1050:	
   624                           	line	90
   625                           	
   626  07A4                     l2284:	
   627                           ;keypad calculator.c: 89: }
   628                           ;keypad calculator.c: 90: RC1=0;RC0=0;RC2=1;
   629  07A4  1283               	bcf	status, 5	;RP0=0, select bank0
   630  07A5  1303               	bcf	status, 6	;RP1=0, select bank0
   631  07A6  1087               	bcf	(57/8),(57)&7
   632                           	
   633  07A7                     l2286:	
   634  07A7  1007               	bcf	(56/8),(56)&7
   635                           	
   636  07A8                     l2288:	
   637  07A8  1507               	bsf	(58/8),(58)&7
   638                           	line	91
   639                           	
   640  07A9                     l2290:	
   641                           ;keypad calculator.c: 91: if(RC3==1)
   642  07A9  1D87               	btfss	(59/8),(59)&7
   643  07AA  2FAC               	goto	u2221
   644  07AB  2FAD               	goto	u2220
   645  07AC                     u2221:
   646  07AC  2FBC               	goto	l2294
   647  07AD                     u2220:
   648                           	line	93
   649                           	
   650  07AD                     l2292:	
   651                           ;keypad calculator.c: 92: {
   652                           ;keypad calculator.c: 93: address();
   653  07AD  120A  118A  26A3   	fcall	_address
              120A  118A         
   654                           	line	94
   655                           ;keypad calculator.c: 94: display(0x33);
   656  07B2  3033               	movlw	low(033h)
   657  07B3  00F2               	movwf	(?_display)
   658  07B4  3000               	movlw	high(033h)
   659  07B5  00F3               	movwf	((?_display))+1
   660  07B6  120A  118A  26AF   	fcall	_display
              120A  118A         
   661  07BB  2FBC               	goto	l2294
   662                           	line	95
   663                           	
   664  07BC                     l1051:	
   665                           	line	96
   666                           	
   667  07BC                     l2294:	
   668                           ;keypad calculator.c: 95: }
   669                           ;keypad calculator.c: 96: if(RC4==1)
   670  07BC  1283               	bcf	status, 5	;RP0=0, select bank0
   671  07BD  1303               	bcf	status, 6	;RP1=0, select bank0
   672  07BE  1E07               	btfss	(60/8),(60)&7
   673  07BF  2FC1               	goto	u2231
   674  07C0  2FC2               	goto	u2230
   675  07C1                     u2231:
   676  07C1  2FD1               	goto	l2298
   677  07C2                     u2230:
   678                           	line	98
   679                           	
   680  07C2                     l2296:	
   681                           ;keypad calculator.c: 97: {
   682                           ;keypad calculator.c: 98: address();
   683  07C2  120A  118A  26A3   	fcall	_address
              120A  118A         
   684                           	line	99
   685                           ;keypad calculator.c: 99: display(0x36);
   686  07C7  3036               	movlw	low(036h)
   687  07C8  00F2               	movwf	(?_display)
   688  07C9  3000               	movlw	high(036h)
   689  07CA  00F3               	movwf	((?_display))+1
   690  07CB  120A  118A  26AF   	fcall	_display
              120A  118A         
   691  07D0  2FD1               	goto	l2298
   692                           	line	100
   693                           	
   694  07D1                     l1052:	
   695                           	line	101
   696                           	
   697  07D1                     l2298:	
   698                           ;keypad calculator.c: 100: }
   699                           ;keypad calculator.c: 101: if(RC5==1)
   700  07D1  1283               	bcf	status, 5	;RP0=0, select bank0
   701  07D2  1303               	bcf	status, 6	;RP1=0, select bank0
   702  07D3  1E87               	btfss	(61/8),(61)&7
   703  07D4  2FD6               	goto	u2241
   704  07D5  2FD7               	goto	u2240
   705  07D6                     u2241:
   706  07D6  2FE6               	goto	l2302
   707  07D7                     u2240:
   708                           	line	103
   709                           	
   710  07D7                     l2300:	
   711                           ;keypad calculator.c: 102: {
   712                           ;keypad calculator.c: 103: address();
   713  07D7  120A  118A  26A3   	fcall	_address
              120A  118A         
   714                           	line	104
   715                           ;keypad calculator.c: 104: display(0x39);
   716  07DC  3039               	movlw	low(039h)
   717  07DD  00F2               	movwf	(?_display)
   718  07DE  3000               	movlw	high(039h)
   719  07DF  00F3               	movwf	((?_display))+1
   720  07E0  120A  118A  26AF   	fcall	_display
              120A  118A         
   721  07E5  2FE6               	goto	l2302
   722                           	line	105
   723                           	
   724  07E6                     l1053:	
   725                           	line	106
   726                           	
   727  07E6                     l2302:	
   728                           ;keypad calculator.c: 105: }
   729                           ;keypad calculator.c: 106: if(RC6==1)
   730  07E6  1283               	bcf	status, 5	;RP0=0, select bank0
   731  07E7  1303               	bcf	status, 6	;RP1=0, select bank0
   732  07E8  1F07               	btfss	(62/8),(62)&7
   733  07E9  2FEB               	goto	u2251
   734  07EA  2FEC               	goto	u2250
   735  07EB                     u2251:
   736  07EB  2EF6               	goto	l2240
   737  07EC                     u2250:
   738                           	line	108
   739                           	
   740  07EC                     l2304:	
   741                           ;keypad calculator.c: 107: {
   742                           ;keypad calculator.c: 108: address();
   743  07EC  120A  118A  26A3   	fcall	_address
              120A  118A         
   744                           	line	109
   745                           ;keypad calculator.c: 109: display(0x23);
   746  07F1  3023               	movlw	low(023h)
   747  07F2  00F2               	movwf	(?_display)
   748  07F3  3000               	movlw	high(023h)
   749  07F4  00F3               	movwf	((?_display))+1
   750  07F5  120A  118A  26AF   	fcall	_display
              120A  118A         
   751  07FA  2EF6               	goto	l2240
   752                           	line	110
   753                           	
   754  07FB                     l1054:	
   755  07FB  2EF6               	goto	l2240
   756                           	line	111
   757                           	
   758  07FC                     l1055:	
   759                           	line	46
   760  07FC  2EF6               	goto	l2240
   761                           	
   762  07FD                     l1056:	
   763                           	line	112
   764                           	
   765  07FD                     l1057:	
   766                           	global	start
   767  07FD  120A  118A  2800   	ljmp	start
   768                           	opt stack 0
   769                           GLOBAL	__end_of_main
   770  0800                     	__end_of_main:
   771 ;; =============== function _main ends ============
   772                           
   773                           	signat	_main,88
   774                           	global	_display
   775                           psect	text109,local,class=CODE,delta=2
   776                           global __ptext109
   777  06AF                     __ptext109:
   778                           
   779 ;; *************** function _display *****************
   780 ;; Defined at:
   781 ;;		line 29 in file "D:\New folder\keypad calculator.c"
   782 ;; Parameters:    Size  Location     Type
   783 ;;  a               2    2[COMMON] int 
   784 ;; Auto vars:     Size  Location     Type
   785 ;;		None
   786 ;; Return value:  Size  Location     Type
   787 ;;		None               void
   788 ;; Registers used:
   789 ;;		wreg, status,2, status,0, pclath, cstack
   790 ;; Tracked objects:
   791 ;;		On entry : 0/0
   792 ;;		On exit  : 0/0
   793 ;;		Unchanged: 0/0
   794 ;; Data sizes:     COMMON   BANK0   BANK1   BANK3   BANK2
   795 ;;      Params:         2       0       0       0       0
   796 ;;      Locals:         0       0       0       0       0
   797 ;;      Temps:          0       0       0       0       0
   798 ;;      Totals:         2       0       0       0       0
   799 ;;Total ram usage:        2 bytes
   800 ;; Hardware stack levels used:    1
   801 ;; Hardware stack levels required when called:    1
   802 ;; This function calls:
   803 ;;		_pulse
   804 ;; This function is called by:
   805 ;;		_main
   806 ;; This function uses a non-reentrant model
   807 ;;
   808                           psect	text109
   809                           	file	"D:\New folder\keypad calculator.c"
   810                           	line	29
   811                           	global	__size_of_display
   812  000C                     	__size_of_display	equ	__end_of_display-_display
   813                           	
   814  06AF                     _display:	
   815                           	opt	stack 6
   816                           ; Regs used in _display: [wreg+status,2+status,0+pclath+cstack]
   817                           	line	30
   818                           	
   819  06AF                     l2216:	
   820                           ;keypad calculator.c: 30: RB0=1;RB1=0;
   821  06AF  1283               	bcf	status, 5	;RP0=0, select bank0
   822  06B0  1303               	bcf	status, 6	;RP1=0, select bank0
   823  06B1  1406               	bsf	(48/8),(48)&7
   824  06B2  1086               	bcf	(49/8),(49)&7
   825                           	line	31
   826                           	
   827  06B3                     l2218:	
   828                           ;keypad calculator.c: 31: PORTA=a;
   829  06B3  0872               	movf	(display@a),w
   830  06B4  0085               	movwf	(5)	;volatile
   831                           	line	32
   832                           	
   833  06B5                     l2220:	
   834                           ;keypad calculator.c: 32: pulse();
   835  06B5  120A  118A  26BB   	fcall	_pulse
              120A  118A         
   836                           	line	33
   837                           	
   838  06BA                     l1039:	
   839  06BA  0008               	return
   840                           	opt stack 0
   841                           GLOBAL	__end_of_display
   842  06BB                     	__end_of_display:
   843 ;; =============== function _display ends ============
   844                           
   845                           	signat	_display,4216
   846                           	global	_address
   847                           psect	text110,local,class=CODE,delta=2
   848                           global __ptext110
   849  06A3                     __ptext110:
   850                           
   851 ;; *************** function _address *****************
   852 ;; Defined at:
   853 ;;		line 23 in file "D:\New folder\keypad calculator.c"
   854 ;; Parameters:    Size  Location     Type
   855 ;;		None
   856 ;; Auto vars:     Size  Location     Type
   857 ;;		None
   858 ;; Return value:  Size  Location     Type
   859 ;;		None               void
   860 ;; Registers used:
   861 ;;		wreg, status,2, status,0, pclath, cstack
   862 ;; Tracked objects:
   863 ;;		On entry : 0/0
   864 ;;		On exit  : 0/0
   865 ;;		Unchanged: 0/0
   866 ;; Data sizes:     COMMON   BANK0   BANK1   BANK3   BANK2
   867 ;;      Params:         0       0       0       0       0
   868 ;;      Locals:         0       0       0       0       0
   869 ;;      Temps:          0       0       0       0       0
   870 ;;      Totals:         0       0       0       0       0
   871 ;;Total ram usage:        0 bytes
   872 ;; Hardware stack levels used:    1
   873 ;; Hardware stack levels required when called:    1
   874 ;; This function calls:
   875 ;;		_pulse
   876 ;; This function is called by:
   877 ;;		_main
   878 ;; This function uses a non-reentrant model
   879 ;;
   880                           psect	text110
   881                           	file	"D:\New folder\keypad calculator.c"
   882                           	line	23
   883                           	global	__size_of_address
   884  000C                     	__size_of_address	equ	__end_of_address-_address
   885                           	
   886  06A3                     _address:	
   887                           	opt	stack 6
   888                           ; Regs used in _address: [wreg+status,2+status,0+pclath+cstack]
   889                           	line	24
   890                           	
   891  06A3                     l2210:	
   892                           ;keypad calculator.c: 24: RB0=0;RB1=0;
   893  06A3  1283               	bcf	status, 5	;RP0=0, select bank0
   894  06A4  1303               	bcf	status, 6	;RP1=0, select bank0
   895  06A5  1006               	bcf	(48/8),(48)&7
   896  06A6  1086               	bcf	(49/8),(49)&7
   897                           	line	25
   898                           	
   899  06A7                     l2212:	
   900                           ;keypad calculator.c: 25: PORTA=0X80;
   901  06A7  3080               	movlw	(080h)
   902  06A8  0085               	movwf	(5)	;volatile
   903                           	line	26
   904                           	
   905  06A9                     l2214:	
   906                           ;keypad calculator.c: 26: pulse();
   907  06A9  120A  118A  26BB   	fcall	_pulse
              120A  118A         
   908                           	line	27
   909                           	
   910  06AE                     l1036:	
   911  06AE  0008               	return
   912                           	opt stack 0
   913                           GLOBAL	__end_of_address
   914  06AF                     	__end_of_address:
   915 ;; =============== function _address ends ============
   916                           
   917                           	signat	_address,88
   918                           	global	_on
   919                           psect	text111,local,class=CODE,delta=2
   920                           global __ptext111
   921  0697                     __ptext111:
   922                           
   923 ;; *************** function _on *****************
   924 ;; Defined at:
   925 ;;		line 17 in file "D:\New folder\keypad calculator.c"
   926 ;; Parameters:    Size  Location     Type
   927 ;;		None
   928 ;; Auto vars:     Size  Location     Type
   929 ;;		None
   930 ;; Return value:  Size  Location     Type
   931 ;;		None               void
   932 ;; Registers used:
   933 ;;		wreg, status,2, status,0, pclath, cstack
   934 ;; Tracked objects:
   935 ;;		On entry : 0/0
   936 ;;		On exit  : 0/0
   937 ;;		Unchanged: 0/0
   938 ;; Data sizes:     COMMON   BANK0   BANK1   BANK3   BANK2
   939 ;;      Params:         0       0       0       0       0
   940 ;;      Locals:         0       0       0       0       0
   941 ;;      Temps:          0       0       0       0       0
   942 ;;      Totals:         0       0       0       0       0
   943 ;;Total ram usage:        0 bytes
   944 ;; Hardware stack levels used:    1
   945 ;; Hardware stack levels required when called:    1
   946 ;; This function calls:
   947 ;;		_pulse
   948 ;; This function is called by:
   949 ;;		_main
   950 ;; This function uses a non-reentrant model
   951 ;;
   952                           psect	text111
   953                           	file	"D:\New folder\keypad calculator.c"
   954                           	line	17
   955                           	global	__size_of_on
   956  000C                     	__size_of_on	equ	__end_of_on-_on
   957                           	
   958  0697                     _on:	
   959                           	opt	stack 6
   960                           ; Regs used in _on: [wreg+status,2+status,0+pclath+cstack]
   961                           	line	18
   962                           	
   963  0697                     l2204:	
   964                           ;keypad calculator.c: 18: RB0=0;RB1=0;
   965  0697  1283               	bcf	status, 5	;RP0=0, select bank0
   966  0698  1303               	bcf	status, 6	;RP1=0, select bank0
   967  0699  1006               	bcf	(48/8),(48)&7
   968  069A  1086               	bcf	(49/8),(49)&7
   969                           	line	19
   970                           	
   971  069B                     l2206:	
   972                           ;keypad calculator.c: 19: PORTA=0X0E;
   973  069B  300E               	movlw	(0Eh)
   974  069C  0085               	movwf	(5)	;volatile
   975                           	line	20
   976                           	
   977  069D                     l2208:	
   978                           ;keypad calculator.c: 20: pulse();
   979  069D  120A  118A  26BB   	fcall	_pulse
              120A  118A         
   980                           	line	21
   981                           	
   982  06A2                     l1033:	
   983  06A2  0008               	return
   984                           	opt stack 0
   985                           GLOBAL	__end_of_on
   986  06A3                     	__end_of_on:
   987 ;; =============== function _on ends ============
   988                           
   989                           	signat	_on,88
   990                           	global	_type
   991                           psect	text112,local,class=CODE,delta=2
   992                           global __ptext112
   993  068B                     __ptext112:
   994                           
   995 ;; *************** function _type *****************
   996 ;; Defined at:
   997 ;;		line 11 in file "D:\New folder\keypad calculator.c"
   998 ;; Parameters:    Size  Location     Type
   999 ;;		None
  1000 ;; Auto vars:     Size  Location     Type
  1001 ;;		None
  1002 ;; Return value:  Size  Location     Type
  1003 ;;		None               void
  1004 ;; Registers used:
  1005 ;;		wreg, status,2, status,0, pclath, cstack
  1006 ;; Tracked objects:
  1007 ;;		On entry : 0/0
  1008 ;;		On exit  : 0/0
  1009 ;;		Unchanged: 0/0
  1010 ;; Data sizes:     COMMON   BANK0   BANK1   BANK3   BANK2
  1011 ;;      Params:         0       0       0       0       0
  1012 ;;      Locals:         0       0       0       0       0
  1013 ;;      Temps:          0       0       0       0       0
  1014 ;;      Totals:         0       0       0       0       0
  1015 ;;Total ram usage:        0 bytes
  1016 ;; Hardware stack levels used:    1
  1017 ;; Hardware stack levels required when called:    1
  1018 ;; This function calls:
  1019 ;;		_pulse
  1020 ;; This function is called by:
  1021 ;;		_main
  1022 ;; This function uses a non-reentrant model
  1023 ;;
  1024                           psect	text112
  1025                           	file	"D:\New folder\keypad calculator.c"
  1026                           	line	11
  1027                           	global	__size_of_type
  1028  000C                     	__size_of_type	equ	__end_of_type-_type
  1029                           	
  1030  068B                     _type:	
  1031                           	opt	stack 6
  1032                           ; Regs used in _type: [wreg+status,2+status,0+pclath+cstack]
  1033                           	line	12
  1034                           	
  1035  068B                     l2198:	
  1036                           ;keypad calculator.c: 12: RB0=0;RB1=0;
  1037  068B  1283               	bcf	status, 5	;RP0=0, select bank0
  1038  068C  1303               	bcf	status, 6	;RP1=0, select bank0
  1039  068D  1006               	bcf	(48/8),(48)&7
  1040  068E  1086               	bcf	(49/8),(49)&7
  1041                           	line	13
  1042                           	
  1043  068F                     l2200:	
  1044                           ;keypad calculator.c: 13: PORTA=0X30;
  1045  068F  3030               	movlw	(030h)
  1046  0690  0085               	movwf	(5)	;volatile
  1047                           	line	14
  1048                           	
  1049  0691                     l2202:	
  1050                           ;keypad calculator.c: 14: pulse();
  1051  0691  120A  118A  26BB   	fcall	_pulse
              120A  118A         
  1052                           	line	15
  1053                           	
  1054  0696                     l1030:	
  1055  0696  0008               	return
  1056                           	opt stack 0
  1057                           GLOBAL	__end_of_type
  1058  0697                     	__end_of_type:
  1059 ;; =============== function _type ends ============
  1060                           
  1061                           	signat	_type,88
  1062                           	global	_pulse
  1063                           psect	text113,local,class=CODE,delta=2
  1064                           global __ptext113
  1065  06BB                     __ptext113:
  1066                           
  1067 ;; *************** function _pulse *****************
  1068 ;; Defined at:
  1069 ;;		line 4 in file "D:\New folder\keypad calculator.c"
  1070 ;; Parameters:    Size  Location     Type
  1071 ;;		None
  1072 ;; Auto vars:     Size  Location     Type
  1073 ;;		None
  1074 ;; Return value:  Size  Location     Type
  1075 ;;		None               void
  1076 ;; Registers used:
  1077 ;;		wreg
  1078 ;; Tracked objects:
  1079 ;;		On entry : 0/0
  1080 ;;		On exit  : 0/0
  1081 ;;		Unchanged: 0/0
  1082 ;; Data sizes:     COMMON   BANK0   BANK1   BANK3   BANK2
  1083 ;;      Params:         0       0       0       0       0
  1084 ;;      Locals:         0       0       0       0       0
  1085 ;;      Temps:          2       0       0       0       0
  1086 ;;      Totals:         2       0       0       0       0
  1087 ;;Total ram usage:        2 bytes
  1088 ;; Hardware stack levels used:    1
  1089 ;; This function calls:
  1090 ;;		Nothing
  1091 ;; This function is called by:
  1092 ;;		_type
  1093 ;;		_on
  1094 ;;		_address
  1095 ;;		_display
  1096 ;; This function uses a non-reentrant model
  1097 ;;
  1098                           psect	text113
  1099                           	file	"D:\New folder\keypad calculator.c"
  1100                           	line	4
  1101                           	global	__size_of_pulse
  1102  0019                     	__size_of_pulse	equ	__end_of_pulse-_pulse
  1103                           	
  1104  06BB                     _pulse:	
  1105                           	opt	stack 6
  1106                           ; Regs used in _pulse: [wreg]
  1107                           	line	5
  1108                           	
  1109  06BB                     l2192:	
  1110                           ;keypad calculator.c: 5: RB2=1;
  1111  06BB  1283               	bcf	status, 5	;RP0=0, select bank0
  1112  06BC  1303               	bcf	status, 6	;RP1=0, select bank0
  1113  06BD  1506               	bsf	(50/8),(50)&7
  1114                           	line	6
  1115                           	
  1116  06BE                     l2194:	
  1117                           ;keypad calculator.c: 6: _delay((unsigned long)((1000)*(400000/4000.0)));
  1118                           	opt asmopt_off
  1119  06BE  3082               movlw	130
  1120  06BF  00F1               movwf	((??_pulse+0)+0+1),f
  1121  06C0  30DD               	movlw	221
  1122  06C1  00F0               movwf	((??_pulse+0)+0),f
  1123  06C2                     u2267:
  1124  06C2  0BF0               	decfsz	((??_pulse+0)+0),f
  1125  06C3  2EC2               	goto	u2267
  1126  06C4  0BF1               	decfsz	((??_pulse+0)+0+1),f
  1127  06C5  2EC2               	goto	u2267
  1128  06C6  2EC7               	nop2
  1129                           opt asmopt_on
  1130                           
  1131                           	line	7
  1132                           	
  1133  06C7                     l2196:	
  1134                           ;keypad calculator.c: 7: RB2=0;
  1135  06C7  1283               	bcf	status, 5	;RP0=0, select bank0
  1136  06C8  1303               	bcf	status, 6	;RP1=0, select bank0
  1137  06C9  1106               	bcf	(50/8),(50)&7
  1138                           	line	8
  1139                           ;keypad calculator.c: 8: _delay((unsigned long)((1000)*(400000/4000.0)));
  1140                           	opt asmopt_off
  1141  06CA  3082               movlw	130
  1142  06CB  00F1               movwf	((??_pulse+0)+0+1),f
  1143  06CC  30DD               	movlw	221
  1144  06CD  00F0               movwf	((??_pulse+0)+0),f
  1145  06CE                     u2277:
  1146  06CE  0BF0               	decfsz	((??_pulse+0)+0),f
  1147  06CF  2ECE               	goto	u2277
  1148  06D0  0BF1               	decfsz	((??_pulse+0)+0+1),f
  1149  06D1  2ECE               	goto	u2277
  1150  06D2  2ED3               	nop2
  1151                           opt asmopt_on
  1152                           
  1153                           	line	9
  1154                           	
  1155  06D3                     l1027:	
  1156  06D3  0008               	return
  1157                           	opt stack 0
  1158                           GLOBAL	__end_of_pulse
  1159  06D4                     	__end_of_pulse:
  1160 ;; =============== function _pulse ends ============
  1161                           
  1162                           	signat	_pulse,88
  1163                           psect	text114,local,class=CODE,delta=2
  1164                           global __ptext114
  1165  0000                     __ptext114:
  1166                           	global	btemp
  1167  007E                     	btemp set 07Eh
  1168                           
  1169                           	DABS	1,126,2	;btemp
  1170                           	global	wtemp0
  1171  007E                     	wtemp0 set btemp


HI-TECH Software PICC Macro Assembler V9.81 build 7503 
Symbol Table                                                                                   Tue Mar 21 14:21:22 2023

                  _on 0697                   ?_on 0070                   _RB0 0030                   _RB1 0031  
                 _RC0 0038                   _RB2 0032                   _RC1 0039                   _RC2 003A  
                 _RC3 003B                   _RC4 003C                   _RC5 003D                   _RC6 003E  
                ??_on 0072                  l1030 0696                  l1033 06A2                  l1050 07A4  
                l1042 06F6                  l1027 06D3                  l1051 07BC                  l1043 070E  
                l1036 06AE                  l1052 07D1                  l1044 0723                  l1053 07E6  
                l1045 0738                  l1054 07FB                  l1046 074D                  l1039 06BA  
                l1055 07FC                  l1047 0765                  l2200 068F                  l1056 07FD  
                l1048 077A                  l1057 07FD                  l1049 078F                  l2202 0691  
                l2210 06A3                  l2204 0697                  l2212 06A7                  l2220 06B5  
                l2300 07D7                  l2206 069B                  l2214 06A9                  l2302 07E6  
                l2230 06E4                  l2222 06D4                  l2208 069D                  l2216 06AF  
                l2304 07EC                  l2240 06F6                  l2232 06E7                  l2224 06DA  
                l2218 06B3                  l2250 070E                  l2242 06F9                  l2234 06EA  
                l2226 06DE                  l2260 073E                  l2252 0714                  l2244 06FA  
                l2236 06EB                  l2228 06E1                  l2270 0756                  l2262 074D  
                l2254 0723                  l2246 06FB                  l2238 06F0                  l2192 06BB  
                l2280 078F                  l2272 0765                  l2264 0750                  l2256 0729  
                l2248 06FF                  l2194 06BE                  l2290 07A9                  l2282 0795  
                l2274 076B                  l2266 0751                  l2258 0738                  l2196 06C7  
                l2292 07AD                  l2284 07A4                  l2276 077A                  l2268 0752  
                l2198 068B                  l2294 07BC                  l2286 07A7                  l2278 0780  
                l2296 07C2                  l2288 07A8                  l2298 07D1                  u2200 0780  
                u2201 077F                  u2210 0795                  u2211 0794                  u2220 07AD  
                u2140 06FF                  u2221 07AC                  u2141 06FE                  u2230 07C2  
                u2150 0714                  u2231 07C1                  u2151 0713                  u2240 07D7  
                u2160 0729                  u2241 07D6                  u2161 0728                  u2250 07EC  
                u2170 073E                  u2251 07EB                  u2171 073D                  u2180 0756  
                u2181 0755                  u2190 076B                  u2191 076A                  u2267 06C2  
                u2277 06CE                  _main 06D4                  btemp 007E                  _type 068B  
                start 0000                 ?_main 0070                 _ANSEL 0188                 ?_type 0070  
     __end_of_address 06AF                 _PORTA 0005                 _PORTB 0006                 _PORTC 0007  
               _TRISA 0085                 _TRISB 0086                 _TRISC 0087       __end_of_display 06BB  
               _pulse 06BB                 status 0003                 wtemp0 007E          __end_of_main 0800  
        __end_of_type 0697                ??_main 0074                ??_type 0072                ?_pulse 0070  
              _ANSELH 0189             ??_address 0072             ??_display 0074        __pcstackCOMMON 0070  
       __end_of_pulse 06D4            __end_of_on 06A3               ??_pulse 0070            __pmaintext 06D4  
             _address 06A3               _display 06AF  end_of_initialization 0687   start_initialization 0687  
           __ptext110 06A3             __ptext111 0697             __ptext112 068B             __ptext113 06BB  
           __ptext114 0000             __ptext108 0000             __ptext109 06AF              ?_address 0070  
            ?_display 0072        __size_of_pulse 0019           __size_of_on 000C      __size_of_address 000C  
    __size_of_display 000C         __size_of_main 012C         __size_of_type 000C              display@a 0072  
