

HI-TECH Software PIC LITE Macro Assembler V9.81 build 7503 
                                                                                               Sat Mar 04 14:46:55 2023

HI-TECH Software Omniscient Code Generator (Lite mode) build 7503
     1  0000                     opt subtitle "HI-TECH Software Omniscient Code Generator (Lite mode) build 7503"
     2                           
     3                           opt pagewidth 120
     4                           
     5                           	opt lm
     6                           
     7                           	processor	16F887
     8                           clrc	macro
     9                           	bcf	3,0
    10  0000                     	endm
    11                           clrz	macro
    12                           	bcf	3,2
    13  0000                     	endm
    14                           setc	macro
    15                           	bsf	3,0
    16  0000                     	endm
    17                           setz	macro
    18                           	bsf	3,2
    19  0000                     	endm
    20                           skipc	macro
    21                           	btfss	3,0
    22  0000                     	endm
    23                           skipz	macro
    24                           	btfss	3,2
    25  0000                     	endm
    26                           skipnc	macro
    27                           	btfsc	3,0
    28  0000                     	endm
    29                           skipnz	macro
    30                           	btfsc	3,2
    31  0000                     	endm
    32  0000                     indf	equ	0
    33  0000                     indf0	equ	0
    34  0002                     pc	equ	2
    35  0002                     pcl	equ	2
    36  0003                     status	equ	3
    37  0004                     fsr	equ	4
    38  0004                     fsr0	equ	4
    39  0001                     c	equ	1
    40  0000                     z	equ	0
    41  000A                     pclath	equ	10
    42                           	FNROOT	_main
    43                           	global	_PORTA
    44                           psect	maintext,global,class=CODE,delta=2
    45                           global __pmaintext
    46  06C1                     __pmaintext:
    47  0005                     _PORTA	set	5
    48                           	global	_PORTB
    49  0006                     _PORTB	set	6
    50                           	global	_PORTC
    51  0007                     _PORTC	set	7
    52                           	global	_PORTD
    53  0008                     _PORTD	set	8
    54                           	global	_TRISA
    55  0085                     _TRISA	set	133
    56                           	global	_TRISB
    57  0086                     _TRISB	set	134
    58                           	global	_TRISC
    59  0087                     _TRISC	set	135
    60                           	global	_TRISD
    61  0088                     _TRISD	set	136
    62                           	global	_ANSEL
    63  0188                     _ANSEL	set	392
    64                           	global	_ANSELH
    65  0189                     _ANSELH	set	393
    66                           	file	"butterfly.as"
    67                           	line	#
    68                           psect cinit,class=CODE,delta=2
    69                           global start_initialization
    70  06BD                     start_initialization:
    71                           
    72                           psect cinit,class=CODE,delta=2
    73                           global end_of_initialization
    74                           
    75                           ;End of C runtime variable initialization code
    76                           
    77  06BD                     end_of_initialization:
    78  06BD  0183               clrf status
    79  06BE  120A  118A  2EC1   ljmp _main	;jump to C main() function
    80                           psect	cstackCOMMON,class=COMMON,space=1
    81                           global __pcstackCOMMON
    82  0070                     __pcstackCOMMON:
    83                           	global	?_main
    84  0070                     ?_main:	; 0 bytes @ 0x0
    85                           	global	??_main
    86  0070                     ??_main:	; 0 bytes @ 0x0
    87  0070                     	ds	3
    88                           	global	main@i
    89  0073                     main@i:	; 2 bytes @ 0x3
    90  0073                     	ds	2
    91                           	global	main@J
    92  0075                     main@J:	; 2 bytes @ 0x5
    93  0075                     	ds	2
    94                           	global	main@l
    95  0077                     main@l:	; 2 bytes @ 0x7
    96  0077                     	ds	2
    97                           	global	main@k
    98  0079                     main@k:	; 2 bytes @ 0x9
    99  0079                     	ds	2
   100 ;;Data sizes: Strings 0, constant 0, data 0, bss 0, persistent 0 stack 0
   101 ;;Auto spaces:   Size  Autos    Used
   102 ;; COMMON          14     11      11
   103 ;; BANK0           80      0       0
   104 ;; BANK1           80      0       0
   105 ;; BANK3           96      0       0
   106 ;; BANK2           96      0       0
   107                           
   108 ;;
   109 ;; Pointer list with targets:
   110                           
   111                           
   112                           
   113 ;;
   114 ;; Critical Paths under _main in COMMON
   115 ;;
   116 ;;   None.
   117 ;;
   118 ;; Critical Paths under _main in BANK0
   119 ;;
   120 ;;   None.
   121 ;;
   122 ;; Critical Paths under _main in BANK1
   123 ;;
   124 ;;   None.
   125 ;;
   126 ;; Critical Paths under _main in BANK3
   127 ;;
   128 ;;   None.
   129 ;;
   130 ;; Critical Paths under _main in BANK2
   131 ;;
   132 ;;   None.
   133                           
   134 ;;
   135 ;;Main: autosize = 0, tempsize = 3, incstack = 0, save=0
   136 ;;
   137                           
   138 ;;
   139 ;;Call Graph Tables:
   140 ;;
   141 ;; ---------------------------------------------------------------------------------
   142 ;; (Depth) Function   	        Calls       Base Space   Used Autos Params    Refs
   143 ;; ---------------------------------------------------------------------------------
   144 ;; (0) _main                                                11    11      0     270
   145 ;;                                              0 COMMON    11    11      0
   146 ;; ---------------------------------------------------------------------------------
   147 ;; Estimated maximum stack depth 0
   148 ;; ---------------------------------------------------------------------------------
   149                           
   150 ;; Call Graph Graphs:
   151                           
   152 ;; _main (ROOT)
   153 ;;
   154                           
   155 ;; Address spaces:
   156                           
   157 ;;Name               Size   Autos  Total    Cost      Usage
   158 ;;BITCOMMON            E      0       0       0        0.0%
   159 ;;EEDATA             100      0       0       0        0.0%
   160 ;;NULL                 0      0       0       0        0.0%
   161 ;;CODE                 0      0       0       0        0.0%
   162 ;;COMMON               E      B       B       1       78.6%
   163 ;;BITSFR0              0      0       0       1        0.0%
   164 ;;SFR0                 0      0       0       1        0.0%
   165 ;;BITSFR1              0      0       0       2        0.0%
   166 ;;SFR1                 0      0       0       2        0.0%
   167 ;;STACK                0      0       0       2        0.0%
   168 ;;ABS                  0      0       0       3        0.0%
   169 ;;BITBANK0            50      0       0       4        0.0%
   170 ;;BITSFR3              0      0       0       4        0.0%
   171 ;;SFR3                 0      0       0       4        0.0%
   172 ;;BANK0               50      0       0       5        0.0%
   173 ;;BITSFR2              0      0       0       5        0.0%
   174 ;;SFR2                 0      0       0       5        0.0%
   175 ;;BITBANK1            50      0       0       6        0.0%
   176 ;;BANK1               50      0       0       7        0.0%
   177 ;;BITBANK3            60      0       0       8        0.0%
   178 ;;BANK3               60      0       0       9        0.0%
   179 ;;BITBANK2            60      0       0      10        0.0%
   180 ;;BANK2               60      0       0      11        0.0%
   181 ;;DATA                 0      0       0      12        0.0%
   182                           
   183                           	global	_main
   184                           psect	maintext
   185                           
   186 ;; *************** function _main *****************
   187 ;; Defined at:
   188 ;;		line 4 in file "D:\New folder\butterfly.c"
   189 ;; Parameters:    Size  Location     Type
   190 ;;		None
   191 ;; Auto vars:     Size  Location     Type
   192 ;;  k               2    9[COMMON] int 
   193 ;;  l               2    7[COMMON] int 
   194 ;;  J               2    5[COMMON] int 
   195 ;;  i               2    3[COMMON] int 
   196 ;; Return value:  Size  Location     Type
   197 ;;		None               void
   198 ;; Registers used:
   199 ;;		wreg, status,2, status,0, btemp+1
   200 ;; Tracked objects:
   201 ;;		On entry : 17F/0
   202 ;;		On exit  : 0/0
   203 ;;		Unchanged: 0/0
   204 ;; Data sizes:     COMMON   BANK0   BANK1   BANK3   BANK2
   205 ;;      Params:         0       0       0       0       0
   206 ;;      Locals:         8       0       0       0       0
   207 ;;      Temps:          3       0       0       0       0
   208 ;;      Totals:        11       0       0       0       0
   209 ;;Total ram usage:       11 bytes
   210 ;; This function calls:
   211 ;;		Nothing
   212 ;; This function is called by:
   213 ;;		Startup code after reset
   214 ;; This function uses a non-reentrant model
   215 ;;
   216                           psect	maintext
   217                           	file	"D:\New folder\butterfly.c"
   218                           	line	4
   219                           	global	__size_of_main
   220  013F                     	__size_of_main	equ	__end_of_main-_main
   221                           	
   222  06C1                     _main:	
   223                           	opt	stack 8
   224                           ; Regs used in _main: [wreg+status,2+status,0+btemp+1]
   225                           	line	5
   226                           	
   227  06C1                     l2170:	
   228                           ;butterfly.c: 5: TRISA=0x00;
   229  06C1  1683               	bsf	status, 5	;RP0=1, select bank1
   230  06C2  1303               	bcf	status, 6	;RP1=0, select bank1
   231  06C3  0185               	clrf	(133)^080h	;volatile
   232                           	line	6
   233                           ;butterfly.c: 6: PORTA=0x00;
   234  06C4  1283               	bcf	status, 5	;RP0=0, select bank0
   235  06C5  1303               	bcf	status, 6	;RP1=0, select bank0
   236  06C6  0185               	clrf	(5)	;volatile
   237                           	line	7
   238                           ;butterfly.c: 7: TRISB=0x00;
   239  06C7  1683               	bsf	status, 5	;RP0=1, select bank1
   240  06C8  1303               	bcf	status, 6	;RP1=0, select bank1
   241  06C9  0186               	clrf	(134)^080h	;volatile
   242                           	line	8
   243                           ;butterfly.c: 8: PORTB=0x00;
   244  06CA  1283               	bcf	status, 5	;RP0=0, select bank0
   245  06CB  1303               	bcf	status, 6	;RP1=0, select bank0
   246  06CC  0186               	clrf	(6)	;volatile
   247                           	line	9
   248                           ;butterfly.c: 9: TRISC=0x00;
   249  06CD  1683               	bsf	status, 5	;RP0=1, select bank1
   250  06CE  1303               	bcf	status, 6	;RP1=0, select bank1
   251  06CF  0187               	clrf	(135)^080h	;volatile
   252                           	line	10
   253                           ;butterfly.c: 10: PORTC=0x00;
   254  06D0  1283               	bcf	status, 5	;RP0=0, select bank0
   255  06D1  1303               	bcf	status, 6	;RP1=0, select bank0
   256  06D2  0187               	clrf	(7)	;volatile
   257                           	line	11
   258                           ;butterfly.c: 11: TRISD=0x00;
   259  06D3  1683               	bsf	status, 5	;RP0=1, select bank1
   260  06D4  1303               	bcf	status, 6	;RP1=0, select bank1
   261  06D5  0188               	clrf	(136)^080h	;volatile
   262                           	line	12
   263                           ;butterfly.c: 12: PORTD=0x00;
   264  06D6  1283               	bcf	status, 5	;RP0=0, select bank0
   265  06D7  1303               	bcf	status, 6	;RP1=0, select bank0
   266  06D8  0188               	clrf	(8)	;volatile
   267                           	line	13
   268                           ;butterfly.c: 13: ANSEL=0x00;
   269  06D9  1683               	bsf	status, 5	;RP0=1, select bank3
   270  06DA  1703               	bsf	status, 6	;RP1=1, select bank3
   271  06DB  0188               	clrf	(392)^0180h	;volatile
   272                           	line	14
   273                           ;butterfly.c: 14: ANSELH=0x00;
   274  06DC  0189               	clrf	(393)^0180h	;volatile
   275                           	line	15
   276                           ;butterfly.c: 15: for(int i=0;i<=7;i=i++)
   277  06DD  01F3               	clrf	(main@i)
   278  06DE  01F4               	clrf	(main@i+1)
   279                           	
   280  06DF                     l2172:	
   281  06DF  0874               	movf	(main@i+1),w
   282  06E0  3A80               	xorlw	80h
   283  06E1  00FF               	movwf	btemp+1
   284  06E2  3080               	movlw	(high(08h))^80h
   285  06E3  027F               	subwf	btemp+1,w
   286  06E4  1D03               	skipz
   287  06E5  2EE8               	goto	u2145
   288  06E6  3008               	movlw	low(08h)
   289  06E7  0273               	subwf	(main@i),w
   290  06E8                     u2145:
   291                           
   292  06E8  1C03               	skipc
   293  06E9  2EEB               	goto	u2141
   294  06EA  2EEC               	goto	u2140
   295  06EB                     u2141:
   296  06EB  2EEE               	goto	l2176
   297  06EC                     u2140:
   298  06EC  2F2B               	goto	l2184
   299                           	
   300  06ED                     l2174:	
   301  06ED  2F2B               	goto	l2184
   302                           	line	16
   303                           	
   304  06EE                     l1027:	
   305                           	line	17
   306                           	
   307  06EE                     l2176:	
   308                           ;butterfly.c: 16: {
   309                           ;butterfly.c: 17: PORTA|=1<<i,PORTC|=1<<i;
   310  06EE  3001               	movlw	(01h)
   311  06EF  00F0               	movwf	(??_main+0)+0
   312  06F0  0A73               	incf	(main@i),w
   313  06F1  2EF4               	goto	u2154
   314  06F2                     u2155:
   315  06F2  1003               	clrc
   316  06F3  0DF0               	rlf	(??_main+0)+0,f
   317  06F4                     u2154:
   318  06F4  3EFF               	addlw	-1
   319  06F5  1D03               	skipz
   320  06F6  2EF2               	goto	u2155
   321  06F7  0870               	movf	0+(??_main+0)+0,w
   322  06F8  00F1               	movwf	(??_main+1)+0
   323  06F9  0871               	movf	(??_main+1)+0,w
   324  06FA  1283               	bcf	status, 5	;RP0=0, select bank0
   325  06FB  1303               	bcf	status, 6	;RP1=0, select bank0
   326  06FC  0485               	iorwf	(5),f	;volatile
   327  06FD  3001               	movlw	(01h)
   328  06FE  00F0               	movwf	(??_main+0)+0
   329  06FF  0A73               	incf	(main@i),w
   330  0700  2F03               	goto	u2164
   331  0701                     u2165:
   332  0701  1003               	clrc
   333  0702  0DF0               	rlf	(??_main+0)+0,f
   334  0703                     u2164:
   335  0703  3EFF               	addlw	-1
   336  0704  1D03               	skipz
   337  0705  2F01               	goto	u2165
   338  0706  0870               	movf	0+(??_main+0)+0,w
   339  0707  00F1               	movwf	(??_main+1)+0
   340  0708  0871               	movf	(??_main+1)+0,w
   341  0709  0487               	iorwf	(7),f	;volatile
   342                           	line	18
   343                           	
   344  070A                     l2178:	
   345                           ;butterfly.c: 18: _delay((unsigned long)((3000)*(400000/4000.0)));
   346                           	opt asmopt_off
   347  070A  3002               movlw  2
   348  070B  00F2               movwf	((??_main+0)+0+2),f
   349  070C  3085               movlw	133
   350  070D  00F1               movwf	((??_main+0)+0+1),f
   351  070E  3098               	movlw	152
   352  070F  00F0               movwf	((??_main+0)+0),f
   353  0710                     u2307:
   354  0710  0BF0               	decfsz	((??_main+0)+0),f
   355  0711  2F10               	goto	u2307
   356  0712  0BF1               	decfsz	((??_main+0)+0+1),f
   357  0713  2F10               	goto	u2307
   358  0714  0BF2               	decfsz	((??_main+0)+0+2),f
   359  0715  2F10               	goto	u2307
   360  0716  2F17               	nop2
   361                           opt asmopt_on
   362                           
   363                           	line	15
   364                           	
   365  0717                     l2180:	
   366  0717  3001               	movlw	low(01h)
   367  0718  07F3               	addwf	(main@i),f
   368  0719  1803               	skipnc
   369  071A  0AF4               	incf	(main@i+1),f
   370  071B  3000               	movlw	high(01h)
   371  071C  07F4               	addwf	(main@i+1),f
   372                           	
   373  071D                     l2182:	
   374  071D  0874               	movf	(main@i+1),w
   375  071E  3A80               	xorlw	80h
   376  071F  00FF               	movwf	btemp+1
   377  0720  3080               	movlw	(high(08h))^80h
   378  0721  027F               	subwf	btemp+1,w
   379  0722  1D03               	skipz
   380  0723  2F26               	goto	u2175
   381  0724  3008               	movlw	low(08h)
   382  0725  0273               	subwf	(main@i),w
   383  0726                     u2175:
   384                           
   385  0726  1C03               	skipc
   386  0727  2F29               	goto	u2171
   387  0728  2F2A               	goto	u2170
   388  0729                     u2171:
   389  0729  2EEE               	goto	l2176
   390  072A                     u2170:
   391  072A  2F2B               	goto	l2184
   392                           	
   393  072B                     l1028:	
   394                           	line	21
   395                           	
   396  072B                     l2184:	
   397                           ;butterfly.c: 19: }
   398                           ;butterfly.c: 21: for(int J=0;J<=7;J=J++)
   399  072B  01F5               	clrf	(main@J)
   400  072C  01F6               	clrf	(main@J+1)
   401                           	
   402  072D                     l2186:	
   403  072D  0876               	movf	(main@J+1),w
   404  072E  3A80               	xorlw	80h
   405  072F  00FF               	movwf	btemp+1
   406  0730  3080               	movlw	(high(08h))^80h
   407  0731  027F               	subwf	btemp+1,w
   408  0732  1D03               	skipz
   409  0733  2F36               	goto	u2185
   410  0734  3008               	movlw	low(08h)
   411  0735  0275               	subwf	(main@J),w
   412  0736                     u2185:
   413                           
   414  0736  1C03               	skipc
   415  0737  2F39               	goto	u2181
   416  0738  2F3A               	goto	u2180
   417  0739                     u2181:
   418  0739  2F3C               	goto	l2190
   419  073A                     u2180:
   420  073A  2F79               	goto	l2198
   421                           	
   422  073B                     l2188:	
   423  073B  2F79               	goto	l2198
   424                           	line	22
   425                           	
   426  073C                     l1029:	
   427                           	line	23
   428                           	
   429  073C                     l2190:	
   430                           ;butterfly.c: 22: {
   431                           ;butterfly.c: 23: PORTB|=1<<J,PORTD|=1<<J;
   432  073C  3001               	movlw	(01h)
   433  073D  00F0               	movwf	(??_main+0)+0
   434  073E  0A75               	incf	(main@J),w
   435  073F  2F42               	goto	u2194
   436  0740                     u2195:
   437  0740  1003               	clrc
   438  0741  0DF0               	rlf	(??_main+0)+0,f
   439  0742                     u2194:
   440  0742  3EFF               	addlw	-1
   441  0743  1D03               	skipz
   442  0744  2F40               	goto	u2195
   443  0745  0870               	movf	0+(??_main+0)+0,w
   444  0746  00F1               	movwf	(??_main+1)+0
   445  0747  0871               	movf	(??_main+1)+0,w
   446  0748  1283               	bcf	status, 5	;RP0=0, select bank0
   447  0749  1303               	bcf	status, 6	;RP1=0, select bank0
   448  074A  0486               	iorwf	(6),f	;volatile
   449  074B  3001               	movlw	(01h)
   450  074C  00F0               	movwf	(??_main+0)+0
   451  074D  0A75               	incf	(main@J),w
   452  074E  2F51               	goto	u2204
   453  074F                     u2205:
   454  074F  1003               	clrc
   455  0750  0DF0               	rlf	(??_main+0)+0,f
   456  0751                     u2204:
   457  0751  3EFF               	addlw	-1
   458  0752  1D03               	skipz
   459  0753  2F4F               	goto	u2205
   460  0754  0870               	movf	0+(??_main+0)+0,w
   461  0755  00F1               	movwf	(??_main+1)+0
   462  0756  0871               	movf	(??_main+1)+0,w
   463  0757  0488               	iorwf	(8),f	;volatile
   464                           	line	24
   465                           	
   466  0758                     l2192:	
   467                           ;butterfly.c: 24: _delay((unsigned long)((3000)*(400000/4000.0)));
   468                           	opt asmopt_off
   469  0758  3002               movlw  2
   470  0759  00F2               movwf	((??_main+0)+0+2),f
   471  075A  3085               movlw	133
   472  075B  00F1               movwf	((??_main+0)+0+1),f
   473  075C  3098               	movlw	152
   474  075D  00F0               movwf	((??_main+0)+0),f
   475  075E                     u2317:
   476  075E  0BF0               	decfsz	((??_main+0)+0),f
   477  075F  2F5E               	goto	u2317
   478  0760  0BF1               	decfsz	((??_main+0)+0+1),f
   479  0761  2F5E               	goto	u2317
   480  0762  0BF2               	decfsz	((??_main+0)+0+2),f
   481  0763  2F5E               	goto	u2317
   482  0764  2F65               	nop2
   483                           opt asmopt_on
   484                           
   485                           	line	21
   486                           	
   487  0765                     l2194:	
   488  0765  3001               	movlw	low(01h)
   489  0766  07F5               	addwf	(main@J),f
   490  0767  1803               	skipnc
   491  0768  0AF6               	incf	(main@J+1),f
   492  0769  3000               	movlw	high(01h)
   493  076A  07F6               	addwf	(main@J+1),f
   494                           	
   495  076B                     l2196:	
   496  076B  0876               	movf	(main@J+1),w
   497  076C  3A80               	xorlw	80h
   498  076D  00FF               	movwf	btemp+1
   499  076E  3080               	movlw	(high(08h))^80h
   500  076F  027F               	subwf	btemp+1,w
   501  0770  1D03               	skipz
   502  0771  2F74               	goto	u2215
   503  0772  3008               	movlw	low(08h)
   504  0773  0275               	subwf	(main@J),w
   505  0774                     u2215:
   506                           
   507  0774  1C03               	skipc
   508  0775  2F77               	goto	u2211
   509  0776  2F78               	goto	u2210
   510  0777                     u2211:
   511  0777  2F3C               	goto	l2190
   512  0778                     u2210:
   513  0778  2F79               	goto	l2198
   514                           	
   515  0779                     l1030:	
   516                           	line	26
   517                           	
   518  0779                     l2198:	
   519                           ;butterfly.c: 25: }
   520                           ;butterfly.c: 26: for(int l=7;l>=0;l=l-1)
   521  0779  3007               	movlw	low(07h)
   522  077A  00F7               	movwf	(main@l)
   523  077B  3000               	movlw	high(07h)
   524  077C  00F8               	movwf	((main@l))+1
   525                           	
   526  077D                     l2200:	
   527  077D  1FF8               	btfss	(main@l+1),7
   528  077E  2F80               	goto	u2221
   529  077F  2F81               	goto	u2220
   530  0780                     u2221:
   531  0780  2F83               	goto	l2204
   532  0781                     u2220:
   533  0781  2FBB               	goto	l2212
   534                           	
   535  0782                     l2202:	
   536  0782  2FBB               	goto	l2212
   537                           	line	27
   538                           	
   539  0783                     l1031:	
   540                           	line	28
   541                           	
   542  0783                     l2204:	
   543                           ;butterfly.c: 27: {
   544                           ;butterfly.c: 28: PORTB&=~(1<<l),PORTD&=~(1<<l);
   545  0783  3001               	movlw	(01h)
   546  0784  00F0               	movwf	(??_main+0)+0
   547  0785  0A77               	incf	(main@l),w
   548  0786  2F89               	goto	u2234
   549  0787                     u2235:
   550  0787  1003               	clrc
   551  0788  0DF0               	rlf	(??_main+0)+0,f
   552  0789                     u2234:
   553  0789  3EFF               	addlw	-1
   554  078A  1D03               	skipz
   555  078B  2F87               	goto	u2235
   556  078C  0870               	movf	0+(??_main+0)+0,w
   557  078D  3AFF               	xorlw	0ffh
   558  078E  00F1               	movwf	(??_main+1)+0
   559  078F  0871               	movf	(??_main+1)+0,w
   560  0790  1283               	bcf	status, 5	;RP0=0, select bank0
   561  0791  1303               	bcf	status, 6	;RP1=0, select bank0
   562  0792  0586               	andwf	(6),f	;volatile
   563  0793  3001               	movlw	(01h)
   564  0794  00F0               	movwf	(??_main+0)+0
   565  0795  0A77               	incf	(main@l),w
   566  0796  2F99               	goto	u2244
   567  0797                     u2245:
   568  0797  1003               	clrc
   569  0798  0DF0               	rlf	(??_main+0)+0,f
   570  0799                     u2244:
   571  0799  3EFF               	addlw	-1
   572  079A  1D03               	skipz
   573  079B  2F97               	goto	u2245
   574  079C  0870               	movf	0+(??_main+0)+0,w
   575  079D  3AFF               	xorlw	0ffh
   576  079E  00F1               	movwf	(??_main+1)+0
   577  079F  0871               	movf	(??_main+1)+0,w
   578  07A0  0588               	andwf	(8),f	;volatile
   579                           	line	29
   580                           	
   581  07A1                     l2206:	
   582                           ;butterfly.c: 29: _delay((unsigned long)((3000)*(400000/4000.0)));
   583                           	opt asmopt_off
   584  07A1  3002               movlw  2
   585  07A2  00F2               movwf	((??_main+0)+0+2),f
   586  07A3  3085               movlw	133
   587  07A4  00F1               movwf	((??_main+0)+0+1),f
   588  07A5  3098               	movlw	152
   589  07A6  00F0               movwf	((??_main+0)+0),f
   590  07A7                     u2327:
   591  07A7  0BF0               	decfsz	((??_main+0)+0),f
   592  07A8  2FA7               	goto	u2327
   593  07A9  0BF1               	decfsz	((??_main+0)+0+1),f
   594  07AA  2FA7               	goto	u2327
   595  07AB  0BF2               	decfsz	((??_main+0)+0+2),f
   596  07AC  2FA7               	goto	u2327
   597  07AD  2FAE               	nop2
   598                           opt asmopt_on
   599                           
   600                           	line	26
   601                           	
   602  07AE                     l2208:	
   603  07AE  0877               	movf	(main@l),w
   604  07AF  3EFF               	addlw	low(-1)
   605  07B0  00F7               	movwf	(main@l)
   606  07B1  0878               	movf	(main@l+1),w
   607  07B2  1803               	skipnc
   608  07B3  3E01               	addlw	1
   609  07B4  3EFF               	addlw	high(-1)
   610  07B5  00F8               	movwf	1+(main@l)
   611                           	
   612  07B6                     l2210:	
   613  07B6  1FF8               	btfss	(main@l+1),7
   614  07B7  2FB9               	goto	u2251
   615  07B8  2FBA               	goto	u2250
   616  07B9                     u2251:
   617  07B9  2F83               	goto	l2204
   618  07BA                     u2250:
   619  07BA  2FBB               	goto	l2212
   620                           	
   621  07BB                     l1032:	
   622                           	line	31
   623                           	
   624  07BB                     l2212:	
   625                           ;butterfly.c: 30: }
   626                           ;butterfly.c: 31: for(int k=7;k>=0;k=k-1)
   627  07BB  3007               	movlw	low(07h)
   628  07BC  00F9               	movwf	(main@k)
   629  07BD  3000               	movlw	high(07h)
   630  07BE  00FA               	movwf	((main@k))+1
   631                           	
   632  07BF                     l2214:	
   633  07BF  1FFA               	btfss	(main@k+1),7
   634  07C0  2FC2               	goto	u2261
   635  07C1  2FC3               	goto	u2260
   636  07C2                     u2261:
   637  07C2  2FC5               	goto	l2218
   638  07C3                     u2260:
   639  07C3  2FFD               	goto	l1035
   640                           	
   641  07C4                     l2216:	
   642  07C4  2FFD               	goto	l1035
   643                           	line	32
   644                           	
   645  07C5                     l1033:	
   646                           	line	33
   647                           	
   648  07C5                     l2218:	
   649                           ;butterfly.c: 32: {
   650                           ;butterfly.c: 33: PORTA&=~(1<<k),PORTC&=~(1<<k);
   651  07C5  3001               	movlw	(01h)
   652  07C6  00F0               	movwf	(??_main+0)+0
   653  07C7  0A79               	incf	(main@k),w
   654  07C8  2FCB               	goto	u2274
   655  07C9                     u2275:
   656  07C9  1003               	clrc
   657  07CA  0DF0               	rlf	(??_main+0)+0,f
   658  07CB                     u2274:
   659  07CB  3EFF               	addlw	-1
   660  07CC  1D03               	skipz
   661  07CD  2FC9               	goto	u2275
   662  07CE  0870               	movf	0+(??_main+0)+0,w
   663  07CF  3AFF               	xorlw	0ffh
   664  07D0  00F1               	movwf	(??_main+1)+0
   665  07D1  0871               	movf	(??_main+1)+0,w
   666  07D2  1283               	bcf	status, 5	;RP0=0, select bank0
   667  07D3  1303               	bcf	status, 6	;RP1=0, select bank0
   668  07D4  0585               	andwf	(5),f	;volatile
   669  07D5  3001               	movlw	(01h)
   670  07D6  00F0               	movwf	(??_main+0)+0
   671  07D7  0A79               	incf	(main@k),w
   672  07D8  2FDB               	goto	u2284
   673  07D9                     u2285:
   674  07D9  1003               	clrc
   675  07DA  0DF0               	rlf	(??_main+0)+0,f
   676  07DB                     u2284:
   677  07DB  3EFF               	addlw	-1
   678  07DC  1D03               	skipz
   679  07DD  2FD9               	goto	u2285
   680  07DE  0870               	movf	0+(??_main+0)+0,w
   681  07DF  3AFF               	xorlw	0ffh
   682  07E0  00F1               	movwf	(??_main+1)+0
   683  07E1  0871               	movf	(??_main+1)+0,w
   684  07E2  0587               	andwf	(7),f	;volatile
   685                           	line	34
   686                           	
   687  07E3                     l2220:	
   688                           ;butterfly.c: 34: _delay((unsigned long)((3000)*(400000/4000.0)));
   689                           	opt asmopt_off
   690  07E3  3002               movlw  2
   691  07E4  00F2               movwf	((??_main+0)+0+2),f
   692  07E5  3085               movlw	133
   693  07E6  00F1               movwf	((??_main+0)+0+1),f
   694  07E7  3098               	movlw	152
   695  07E8  00F0               movwf	((??_main+0)+0),f
   696  07E9                     u2337:
   697  07E9  0BF0               	decfsz	((??_main+0)+0),f
   698  07EA  2FE9               	goto	u2337
   699  07EB  0BF1               	decfsz	((??_main+0)+0+1),f
   700  07EC  2FE9               	goto	u2337
   701  07ED  0BF2               	decfsz	((??_main+0)+0+2),f
   702  07EE  2FE9               	goto	u2337
   703  07EF  2FF0               	nop2
   704                           opt asmopt_on
   705                           
   706                           	line	31
   707                           	
   708  07F0                     l2222:	
   709  07F0  0879               	movf	(main@k),w
   710  07F1  3EFF               	addlw	low(-1)
   711  07F2  00F9               	movwf	(main@k)
   712  07F3  087A               	movf	(main@k+1),w
   713  07F4  1803               	skipnc
   714  07F5  3E01               	addlw	1
   715  07F6  3EFF               	addlw	high(-1)
   716  07F7  00FA               	movwf	1+(main@k)
   717                           	
   718  07F8                     l2224:	
   719  07F8  1FFA               	btfss	(main@k+1),7
   720  07F9  2FFB               	goto	u2291
   721  07FA  2FFC               	goto	u2290
   722  07FB                     u2291:
   723  07FB  2FC5               	goto	l2218
   724  07FC                     u2290:
   725  07FC  2FFD               	goto	l1035
   726                           	
   727  07FD                     l1034:	
   728                           	line	37
   729                           	
   730  07FD                     l1035:	
   731                           	global	start
   732  07FD  120A  118A  2800   	ljmp	start
   733                           	opt stack 0
   734                           GLOBAL	__end_of_main
   735  0800                     	__end_of_main:
   736 ;; =============== function _main ends ============
   737                           
   738                           	signat	_main,88
   739                           psect	maintext
   740                           	global	btemp
   741  007E                     	btemp set 07Eh
   742                           
   743                           	DABS	1,126,2	;btemp
   744                           	global	wtemp0
   745  007E                     	wtemp0 set btemp


HI-TECH Software PICC Macro Assembler V9.81 build 7503 
Symbol Table                                                                                   Sat Mar 04 14:46:55 2023

                l1030 0779                  l1031 0783                  l1032 07BB                  l1033 07C5  
                l1034 07FD                  l1035 07FD                  l1027 06EE                  l1028 072B  
                l1029 073C                  l2200 077D                  l2210 07B6                  l2202 0782  
                l2220 07E3                  l2212 07BB                  l2204 0783                  l2222 07F0  
                l2214 07BF                  l2206 07A1                  l2224 07F8                  l2216 07C4  
                l2208 07AE                  l2218 07C5                  l2170 06C1                  l2180 0717  
                l2172 06DF                  l2190 073C                  l2182 071D                  l2174 06ED  
                l2192 0758                  l2184 072B                  l2176 06EE                  l2194 0765  
                l2186 072D                  l2178 070A                  l2196 076B                  l2188 073B  
                l2198 0779                  u2210 0778                  u2211 0777                  u2220 0781  
                u2204 0751                  u2140 06EC                  u2221 0780                  u2205 074F  
                u2141 06EB                  u2215 0774                  u2145 06E8                  u2250 07BA  
                u2234 0789                  u2170 072A                  u2154 06F4                  u2251 07B9  
                u2235 0787                  u2171 0729                  u2307 0710                  u2155 06F2  
                u2260 07C3                  u2244 0799                  u2180 073A                  u2164 0703  
                u2261 07C2                  u2245 0797                  u2317 075E                  u2181 0739  
                u2165 0701                  u2327 07A7                  u2175 0726                  u2337 07E9  
                u2185 0736                  u2290 07FC                  u2274 07CB                  u2194 0742  
                u2291 07FB                  u2275 07C9                  u2195 0740                  u2284 07DB  
                u2285 07D9                  _main 06C1                  btemp 007E                  start 0000  
               ?_main 0070                 _ANSEL 0188                 _PORTA 0005                 _PORTB 0006  
               _PORTC 0007                 _PORTD 0008                 _TRISA 0085                 _TRISB 0086  
               _TRISC 0087                 _TRISD 0088                 main@J 0075                 main@i 0073  
               main@k 0079                 main@l 0077                 status 0003                 wtemp0 007E  
        __end_of_main 0800                ??_main 0070                _ANSELH 0189        __pcstackCOMMON 0070  
          __pmaintext 06C1  end_of_initialization 06BD   start_initialization 06BD         __size_of_main 013F  
